#
# A fatal error has been detected by the Java Runtime Environment:
#
#  Internal Error (jvmciRuntime.cpp:1609), pid=21, tid=67
#  fatal error: Fatal exception in JVMCI: Error calling jdk.vm.ci.services.Services.serializeSavedProperties
#
# JRE version: OpenJDK Runtime Environment GraalVM CE 22.3.0 (17.0.5+8) (build 17.0.5+8-jvmci-22.3-b08)
# Java VM: OpenJDK 64-Bit Server VM GraalVM CE 22.3.0 (17.0.5+8-jvmci-22.3-b08, mixed mode, sharing, tiered, jvmci, jvmci compiler, compressed oops, compressed class ptrs, parallel gc, linux-amd64)
# Problematic frame:
# V  [libjvm.so+0x972714]  JVMCIRuntime::fatal_exception(JVMCIEnv*, char const*)+0x74
#
# Core dump will be written. Default location: Core dumps may be processed with "/usr/share/apport/apport -p%p -s%s -c%c -d%d -P%P -u%u -g%g -- %E" (or dumping to /home/runner/Inheritance-TeddyParts/core.21)
#
# If you would like to submit a bug report, please visit:
#   https://github.com/oracle/graal/issues
#

---------------  S U M M A R Y ------------

Command Line: -XX:ThreadPriorityPolicy=1 -XX:+UnlockExperimentalVMOptions -XX:+EnableJVMCIProduct -XX:JVMCIThreadsPerNativeLibraryRuntime=1 -XX:-UnlockExperimentalVMOptions -Declipse.application=org.eclipse.jdt.ls.core.id1 -Dosgi.bundles.defaultStartLevel=4 -Declipse.product=org.eclipse.jdt.ls.core.product -Dlog.level=ALL -Xverify:none -XX:+UseParallelGC -XX:GCTimeRatio=4 -XX:AdaptiveSizePolicyWeight=90 -Dsun.zip.disableMemoryMapping=true -Xmx512m -Xms100m /nix/store/m6gcpi1ii6rghy04cjwjddcavv7i90df-jdt-language-server-1.9.0/share/java/plugins/org.eclipse.equinox.launcher_1.6.400.v20210924-0641.jar --add-modules=ALL-SYSTEM --add-opens java.base/java.util=ALL-UNNAMED --add-opens java.base/java.lang=ALL-UNNAMED -configuration /home/runner/.cache/jdt-language-server/config -data /home/runner/.cache/jdt-language-server/data/home/runner/Inheritance-TeddyParts

Host: AMD EPYC 7B12, 8 cores, 1G, Ubuntu 20.04.2 LTS
Time: Tue Mar 14 13:09:17 2023 UTC elapsed time: 997.036512 seconds (0d 0h 16m 37s)

---------------  T H R E A D  ---------------

Current thread (0x00007fac100b21e0):  JavaThread "JVMCI-native CompilerThread0" daemon [_thread_in_vm, id=67, stack(0x00007fabf521a000,0x00007fabf541a000)]


Current CompileTask:
JVMCI-native: 997036 13060       4       org.eclipse.core.runtime.SubMonitor::isCanceled (20 bytes)

Stack: [0x00007fabf521a000,0x00007fabf541a000],  sp=0x00007fabf5418380,  free space=2040k
Native frames: (J=compiled Java code, j=interpreted, Vv=VM code, C=native code)
V  [libjvm.so+0x972714]  JVMCIRuntime::fatal_exception(JVMCIEnv*, char const*)+0x74
V  [libjvm.so+0x93e2fe]  JVMCIEnv::copy_saved_properties()+0x14e
V  [libjvm.so+0x9732a9]  JVMCIRuntime::initialize(JVMCIEnv*)+0xb19
V  [libjvm.so+0x9738a2]  JVMCIRuntime::get_HotSpotJVMCIRuntime(JVMCIEnv*)+0x12
V  [libjvm.so+0x9749f2]  JVMCIRuntime::compile_method(JVMCIEnv*, JVMCICompiler*, methodHandle const&, int)+0xd2
V  [libjvm.so+0x5b0d20]  CompileBroker::invoke_compiler_on_method(CompileTask*)+0x1470
V  [libjvm.so+0x5b12e8]  CompileBroker::compiler_thread_loop()+0x528
V  [libjvm.so+0xd82460]  JavaThread::thread_main_inner()+0xd0
V  [libjvm.so+0xd85a40]  Thread::call_run()+0xc0
V  [libjvm.so+0xbdb1e1]  thread_native_entry(Thread*)+0xe1

Register to memory mapping:

RAX=0x00007fac14f50000 points into unknown readable memory: 0x0000000000000058 | 58 00 00 00 00 00 00 00
RBX=0x00007fac1604b398: <offset 0x0000000000ef5398> in /nix/store/gpxl5qgg8kicmcvivwmybwjlpf7wh20l-graalvm17-ce-22.3.0/lib/server/libjvm.so at 0x00007fac15156000
RCX=0x00007fac160031e8: <offset 0x0000000000ead1e8> in /nix/store/gpxl5qgg8kicmcvivwmybwjlpf7wh20l-graalvm17-ce-22.3.0/lib/server/libjvm.so at 0x00007fac15156000
RDX=0x0000000000000649 is an unknown value
RSP=0x00007fabf5418380 is pointing into the stack for thread: 0x00007fac100b21e0
RBP=0x00007fabf54183a0 is pointing into the stack for thread: 0x00007fac100b21e0
RSI=0x00007fac1604bc48: <offset 0x0000000000ef5c48> in /nix/store/gpxl5qgg8kicmcvivwmybwjlpf7wh20l-graalvm17-ce-22.3.0/lib/server/libjvm.so at 0x00007fac15156000
RDI=0x00000000e0000000 is an oop: java.lang.invoke.MemberName 
{0x00000000e0000000} - klass: 'java/lang/invoke/MemberName'
 - ---- fields (total size 6 words):
 - private 'flags' 'I' @12  100732938 (601100a)
 - private 'clazz' 'Ljava/lang/Class;' @24  a 'java/lang/Class'{0x00000000e007b428} = 'org/eclipse/osgi/internal/serviceregistry/ServiceRegistry' (e007b428)
 - private 'name' 'Ljava/lang/String;' @28  "lambda$1"{0x00000000e0000030} (e0000030)
 - private 'type' 'Ljava/lang/Object;' @32  a 'java/lang/invoke/MethodType'{0x00000000e013d2b8} = (Lorg/osgi/framework/ServiceEvent;Ljava/util/Collection;Lorg/osgi/framework/hooks/service/EventHook;Lorg/osgi/framework/ServiceRegistration;)V (e013d2b8)
 - private 'method' 'Ljava/lang/invoke/ResolvedMethodName;' @36  a 'java/lang/invoke/ResolvedMethodName'{0x00000000e0000060} (e0000060)
 - 'resolution' 'Ljava/lang/Object;' @40  NULL (0)
R8 =0x00007fac1604b398: <offset 0x0000000000ef5398> in /nix/store/gpxl5qgg8kicmcvivwmybwjlpf7wh20l-graalvm17-ce-22.3.0/lib/server/libjvm.so at 0x00007fac15156000
R9 =0x00007fabf5418330 is pointing into the stack for thread: 0x00007fac100b21e0
R10=0x00007fabf5419948 is pointing into the stack for thread: 0x00007fac100b21e0
R11=0x0000000000000293 is an unknown value
R12=0x0 is NULL
R13=0x00007fac100b21e0 is a thread
R14=0x00007fac10000b80 points into unknown readable memory: 0x00007fac1627ca38 | 38 ca 27 16 ac 7f 00 00
R15=0x00007fac1638ae40: <offset 0x0000000001234e40> in /nix/store/gpxl5qgg8kicmcvivwmybwjlpf7wh20l-graalvm17-ce-22.3.0/lib/server/libjvm.so at 0x00007fac15156000


Registers:
RAX=0x00007fac14f50000, RBX=0x00007fac1604b398, RCX=0x00007fac160031e8, RDX=0x0000000000000649
RSP=0x00007fabf5418380, RBP=0x00007fabf54183a0, RSI=0x00007fac1604bc48, RDI=0x00000000e0000000
R8 =0x00007fac1604b398, R9 =0x00007fabf5418330, R10=0x00007fabf5419948, R11=0x0000000000000293
R12=0x0000000000000000, R13=0x00007fac100b21e0, R14=0x00007fac10000b80, R15=0x00007fac1638ae40
RIP=0x00007fac15ac8714, EFLAGS=0x0000000000010206, CSGSFS=0x002b000000000033, ERR=0x0000000000000006
  TRAPNO=0x000000000000000e

Top of Stack: (sp=0x00007fabf5418380)
0x00007fabf5418380:   00007fabf5418940 00007fac100b21e0
0x00007fabf5418390:   00007fac148e18c8 0000000800c417a0
0x00007fabf54183a0:   00007fabf5418500 00007fac15a942fe
0x00007fabf54183b0:   00007fabf54183e0 00007fabf5418440 

Instructions: (pc=0x00007fac15ac8714)
0x00007fac15ac8614:   30 e8 f6 cf e8 ff 4c 89 e7 e8 2e 48 d1 ff 84 db
0x00007fac15ac8624:   75 2a 4d 85 ed 74 04 4d 8b 6d 00 48 83 c4 08 44
0x00007fac15ac8634:   89 f9 4c 89 f2 4c 89 ee 5b 4c 89 e7 41 5c 41 5d
0x00007fac15ac8644:   41 5e 41 5f 5d e9 e2 47 d1 ff 66 90 48 83 c4 08
0x00007fac15ac8654:   5b 41 5c 41 5d 41 5e 41 5f 5d c3 90 31 d2 be 08
0x00007fac15ac8664:   00 00 00 4c 89 ff e8 b1 78 a3 ff 49 89 c5 e9 37
0x00007fac15ac8674:   ff ff ff 66 0f 1f 84 00 00 00 00 00 48 8b 7a 08
0x00007fac15ac8684:   e9 6d ff ff ff 0f 1f 80 00 00 00 00 e8 5b 48 0a
0x00007fac15ac8694:   00 84 c0 75 89 e9 6a ff ff ff 66 90 55 48 89 e5
0x00007fac15ac86a4:   41 56 41 55 41 54 49 89 fc 53 48 89 f3 66 48 8d
0x00007fac15ac86b4:   3d 27 5e 85 00 66 66 48 e8 df 43 8d ff 4c 8b 28
0x00007fac15ac86c4:   8b 05 be 72 8a 00 85 c0 75 14 ba 01 00 00 00 48
0x00007fac15ac86d4:   8d 0d ae 72 8a 00 f0 0f b1 11 85 c0 74 4e be c8
0x00007fac15ac86e4:   00 00 00 4c 89 ef e8 01 0b 41 00 48 8d 05 12 ac
0x00007fac15ac86f4:   85 00 49 89 d8 48 8d 0d e8 aa 53 00 ba 49 06 00
0x00007fac15ac8704:   00 48 8d 35 3c 35 58 00 bf 00 00 00 e0 48 8b 00
0x00007fac15ac8714:   c6 00 58 31 c0 e8 e2 91 c6 ff 5b 41 5c 41 5d 41
0x00007fac15ac8724:   5e 5d e9 55 34 26 00 0f 1f 44 00 00 48 8d 05 81
0x00007fac15ac8734:   a3 8b 00 48 89 df 4c 8b 30 e8 9e 43 8d ff 48 89
0x00007fac15ac8744:   de 48 89 c2 49 8b 06 4c 89 f7 ff 50 08 4c 89 f7
0x00007fac15ac8754:   e8 a7 5c 27 00 4d 85 e4 74 12 be 01 00 00 00 4c
0x00007fac15ac8764:   89 e7 e8 35 43 fc ff eb 82 0f 1f 00 be 01 00 00
0x00007fac15ac8774:   00 4c 89 ef e8 d3 fd ff ff e9 6d ff ff ff 66 66
0x00007fac15ac8784:   2e 0f 1f 84 00 00 00 00 00 0f 1f 00 55 48 89 e5
0x00007fac15ac8794:   41 57 41 56 41 55 41 54 53 48 81 ec 08 02 00 00
0x00007fac15ac87a4:   64 48 8b 04 25 28 00 00 00 48 89 45 c8 8b 07 83
0x00007fac15ac87b4:   f8 02 0f 84 11 04 00 00 4c 8b 6f 18 49 89 ff 49
0x00007fac15ac87c4:   89 f4 4d 85 ed 74 14 4c 89 ef e8 5d 57 22 00 41
0x00007fac15ac87d4:   8b 07 83 f8 02 0f 84 19 04 00 00 48 8d 1d 9a 06
0x00007fac15ac87e4:   8a 00 4c 8d 35 0b 3c 58 00 eb 38 90 48 85 d2 7f
0x00007fac15ac87f4:   0d 48 8d 05 b4 c0 85 00 48 83 38 00 7e 0e 41 8b
0x00007fac15ac8804:   77 2c 4c 89 f7 31 c0 e8 a0 b2 f7 ff 49 8b 7f 18 


Stack slot to memory mapping:
stack at sp + 0 slots: 0x00007fabf5418940 is pointing into the stack for thread: 0x00007fac100b21e0
stack at sp + 1 slots: 0x00007fac100b21e0 is a thread
stack at sp + 2 slots: 0x00007fac148e18c8 points into unknown readable memory: 0x6573001880c9ffff | ff ff c9 80 18 00 73 65
stack at sp + 3 slots: 0x0000000800c417a0 is a pointer to class: 
jdk.vm.ci.services.Services {0x0000000800c417a0}
 - instance size:     2
 - klass size:        65
 - access:            public final synchronized 
 - state:             fully_initialized
 - name:              'jdk/vm/ci/services/Services'
 - super:             'java/lang/Object'
 - sub:               
 - arrays:            NULL
 - methods:           Array<T>(0x00007fabf5c3e9c8)
 - method ordering:   Array<T>(0x0000000800928960)
 - default_methods:   Array<T>(0x0000000000000000)
 - local interfaces:  Array<T>(0x00000008005ce810)
 - trans. interfaces: Array<T>(0x00000008005ce810)
 - constants:         constant pool [427] {0x00007fabf5c3daa8} for 'jdk/vm/ci/services/Services' cache=0x00007fabf5c3fc98
 - class loader data:  loader data: 0x00007fac100283f0 of 'bootstrap'
 - source file:       'Services.java'
 - class annotations:       Array<T>(0x0000000000000000)
 - class type annotations:  Array<T>(0x0000000000000000)
 - field annotations:       Array<T>(0x0000000000000000)
 - field type annotations:  Array<T>(0x0000000000000000)
 - inner classes:     Array<T>(0x00007fabf5c3fc68)
 - nest members:     Array<T>(0x00007fabf5c3fc88)
 - permitted subclasses:     Array<T>(0x00000008005ce7a0)
 - java mirror:       a 'java/lang/Class'{0x00000000e017ce00} = 'jdk/vm/ci/services/Services'
 - vtable length      5  (start addr: 0x0000000800c41970)
 - itable length      2 (start addr: 0x0000000800c41998)
 - ---- static fields (3 words):
 - public static final 'IS_BUILDING_NATIVE_IMAGE' 'Z' @128 
 - public static final 'IS_IN_NATIVE_IMAGE' 'Z' @129 
 - private static volatile 'savedProperties' 'Ljava/util/Map;' @112 
 - static final 'JVMCI_ENABLED' 'Z' @130 
 - private static final 'servicesCache' 'Ljava/util/Map;' @116 
 - private static final 'MAX_UNICODE_IN_UTF8_LENGTH' 'I' @120 
 - private static final 'MAX_UTF8_PROPERTY_STRING_LENGTH' 'I' @124 
 - ---- non-static fields (0 words):
 - non-static oop maps: 
stack at sp + 4 slots: 0x00007fabf5418500 is pointing into the stack for thread: 0x00007fac100b21e0
stack at sp + 5 slots: 0x00007fac15a942fe: <offset 0x000000000093e2fe> in /nix/store/gpxl5qgg8kicmcvivwmybwjlpf7wh20l-graalvm17-ce-22.3.0/lib/server/libjvm.so at 0x00007fac15156000
stack at sp + 6 slots: 0x00007fabf54183e0 is pointing into the stack for thread: 0x00007fac100b21e0
stack at sp + 7 slots: 0x00007fabf5418440 is pointing into the stack for thread: 0x00007fac100b21e0


---------------  P R O C E S S  ---------------

Threads class SMR info:
_java_thread_list=0x00007fab74013850, length=32, elements={
0x00007fac10026690, 0x00007fac100a64d0, 0x00007fac100a7910, 0x00007fac100ae050,
0x00007fac100af400, 0x00007fac100b07f0, 0x00007fac100b21e0, 0x00007fac100b36f0,
0x00007fac100b4b40, 0x00007fac100e0470, 0x00007fac10127bf0, 0x00007fac1033b4e0,
0x00007fac1036e5b0, 0x00007fac10370ea0, 0x00007fac101df9d0, 0x00007faba401a790,
0x00007faba42a2420, 0x00007fab980010d0, 0x00007fab98007280, 0x00007faba4480f70,
0x00007faba4650de0, 0x00007fac10461960, 0x00007fac103ec5d0, 0x00007fab98007eb0,
0x00007fab7c1b3900, 0x00007fab7c196f90, 0x00007fab7c1ad770, 0x00007fab7c1b49d0,
0x00007fab7c0cec50, 0x00007fab7c18e4f0, 0x00007fab7c1b78d0, 0x00007fab7c1ae660
}

Java Threads: ( => current thread )
  0x00007fac10026690 JavaThread "main" [_thread_blocked, id=59, stack(0x00007fac14f71000,0x00007fac15071000)]
  0x00007fac100a64d0 JavaThread "Reference Handler" daemon [_thread_blocked, id=62, stack(0x00007fabf5b00000,0x00007fabf5c00000)]
  0x00007fac100a7910 JavaThread "Finalizer" daemon [_thread_blocked, id=63, stack(0x00007fabf5a00000,0x00007fabf5b00000)]
  0x00007fac100ae050 JavaThread "Signal Dispatcher" daemon [_thread_blocked, id=64, stack(0x00007fabf561a000,0x00007fabf571a000)]
  0x00007fac100af400 JavaThread "Service Thread" daemon [_thread_blocked, id=65, stack(0x00007fabf551a000,0x00007fabf561a000)]
  0x00007fac100b07f0 JavaThread "Monitor Deflation Thread" daemon [_thread_blocked, id=66, stack(0x00007fabf541a000,0x00007fabf551a000)]
=>0x00007fac100b21e0 JavaThread "JVMCI-native CompilerThread0" daemon [_thread_in_vm, id=67, stack(0x00007fabf521a000,0x00007fabf541a000)]
  0x00007fac100b36f0 JavaThread "C1 CompilerThread0" daemon [_thread_blocked, id=68, stack(0x00007fabf501a000,0x00007fabf521a000)]
  0x00007fac100b4b40 JavaThread "Sweeper thread" daemon [_thread_blocked, id=69, stack(0x00007fabf4f1a000,0x00007fabf501a000)]
  0x00007fac100e0470 JavaThread "Common-Cleaner" daemon [_thread_blocked, id=70, stack(0x00007fabf4e1a000,0x00007fabf4f1a000)]
  0x00007fac10127bf0 JavaThread "Notification Thread" daemon [_thread_blocked, id=71, stack(0x00007fabf4d1a000,0x00007fabf4e1a000)]
  0x00007fac1033b4e0 JavaThread "Active Thread: Equinox Container: 4bb1e1a4-0ffb-4c2d-960e-6f6c4c87b88d" [_thread_blocked, id=76, stack(0x00007fabf4a00000,0x00007fabf4b00000)]
  0x00007fac1036e5b0 JavaThread "Framework Event Dispatcher: Equinox Container: 4bb1e1a4-0ffb-4c2d-960e-6f6c4c87b88d" daemon [_thread_blocked, id=77, stack(0x00007fabf4800000,0x00007fabf4900000)]
  0x00007fac10370ea0 JavaThread "Start Level: Equinox Container: 4bb1e1a4-0ffb-4c2d-960e-6f6c4c87b88d" daemon [_thread_blocked, id=78, stack(0x00007fabf4600000,0x00007fabf4700000)]
  0x00007fac101df9d0 JavaThread "Refresh Thread: Equinox Container: 4bb1e1a4-0ffb-4c2d-960e-6f6c4c87b88d" daemon [_thread_blocked, id=79, stack(0x00007fabf4400000,0x00007fabf4500000)]
  0x00007faba401a790 JavaThread "SCR Component Actor" daemon [_thread_blocked, id=80, stack(0x00007fabf4200000,0x00007fabf4300000)]
  0x00007faba42a2420 JavaThread "Worker-JM" [_thread_blocked, id=82, stack(0x00007fabbc900000,0x00007fabbca00000)]
  0x00007fab980010d0 JavaThread "Worker-1: Publish Diagnostics" [_thread_blocked, id=84, stack(0x00007fabbc500000,0x00007fabbc600000)]
  0x00007fab98007280 JavaThread "Worker-2" [_thread_blocked, id=85, stack(0x00007fabbc300000,0x00007fabbc400000)]
  0x00007faba4480f70 JavaThread "Java indexing" daemon [_thread_blocked, id=86, stack(0x00007fabbc100000,0x00007fabbc200000)]
  0x00007faba4650de0 JavaThread "Bundle File Closer" daemon [_thread_blocked, id=87, stack(0x00007fabbbf00000,0x00007fabbc000000)]
  0x00007fac10461960 JavaThread "pool-3-thread-1" [_thread_blocked, id=88, stack(0x00007fabbbd00000,0x00007fabbbe00000)]
  0x00007fac103ec5d0 JavaThread "pool-2-thread-1" [_thread_blocked, id=89, stack(0x00007fabbbb00000,0x00007fabbbc00000)]
  0x00007fab98007eb0 JavaThread "Worker-3: Compacting resource model" [_thread_blocked, id=90, stack(0x00007fabbb900000,0x00007fabbba00000)]
  0x00007fab7c1b3900 JavaThread "Thread-54" [_thread_blocked, id=180, stack(0x00007fabba300000,0x00007fabba400000)]
  0x00007fab7c196f90 JavaThread "Thread-72" [_thread_blocked, id=200, stack(0x00007fabbab00000,0x00007fabbac00000)]
  0x00007fab7c1ad770 JavaThread "Thread-79" [_thread_blocked, id=237, stack(0x00007fabf4900000,0x00007fabf4a00000)]
  0x00007fab7c1b49d0 JavaThread "Thread-82" [_thread_blocked, id=240, stack(0x00007fabbc700000,0x00007fabbc800000)]
  0x00007fab7c0cec50 JavaThread "Thread-83" [_thread_blocked, id=241, stack(0x00007fabbbc00000,0x00007fabbbd00000)]
  0x00007fab7c18e4f0 JavaThread "Thread-84" [_thread_blocked, id=242, stack(0x00007fabbb300000,0x00007fabbb400000)]
  0x00007fab7c1b78d0 JavaThread "Thread-85" [_thread_blocked, id=243, stack(0x00007fabbc400000,0x00007fabbc500000)]
  0x00007fab7c1ae660 JavaThread "Thread-86" [_thread_blocked, id=244, stack(0x00007fabbb800000,0x00007fabbb900000)]

Other Threads:
  0x00007fac100a1c10 VMThread "VM Thread" [stack: 0x00007fac1408a000,0x00007fac1418a000] [id=61] _threads_hazard_ptr=0x00007fab74013850
  0x00007fac10129590 WatcherThread [stack: 0x00007fabf4c1a000,0x00007fabf4d1a000] [id=72]
  0x00007fac1003df30 GCTaskThread "GC Thread#0" [stack: 0x00007fac14b34000,0x00007fac14c34000] [id=60]

Threads with active compile tasks:
JVMCI-native CompilerThread0   997105 13060       4       org.eclipse.core.runtime.SubMonitor::isCanceled (20 bytes)

VM state: synchronizing (normal execution)

VM Mutex/Monitor currently owned by a thread:  ([mutex/lock_event])
[0x00007fac10023840] Threads_lock - owner thread: 0x00007fac100a1c10
[0x00007fac10023ff0] Heap_lock - owner thread: 0x00007faba4480f70

OutOfMemory and StackOverflow Exception counts:
OutOfMemoryError java_heap_errors=3
LinkageErrors=53

Heap address: 0x00000000e0000000, size: 512 MB, Compressed Oops mode: 32-bit

CDS archive(s) mapped at: [0x0000000800000000-0x0000000800bc8000-0x0000000800bc8000), size 12353536, SharedBaseAddress: 0x0000000800000000, ArchiveRelocationMode: 0.
Compressed class space mapped at: 0x0000000800c00000-0x0000000840c00000, reserved size: 1073741824
Narrow klass base: 0x0000000800000000, Narrow klass shift: 0, Narrow klass range: 0x100000000

GC Precious Log:
 CPUs: 8 total, 1 available
 Memory: 1024M
 Large Page Support: Disabled
 NUMA Support: Disabled
 Compressed Oops: Enabled (32-bit)
 Alignments: Space 512K, Generation 512K, Heap 2M
 Heap Min Capacity: 100M
 Heap Initial Capacity: 100M
 Heap Max Capacity: 512M
 Pre-touch: Disabled
 Parallel Workers: 1

Heap:
 PSYoungGen      total 61440K, used 37888K [0x00000000f5580000, 0x00000000faa80000, 0x0000000100000000)
  eden space 37888K, 100% used [0x00000000f5580000,0x00000000f7a80000,0x00000000f7a80000)
  from space 23552K, 0% used [0x00000000f7a80000,0x00000000f7a80000,0x00000000f9180000)
  to   space 23552K, 0% used [0x00000000f9180000,0x00000000f9180000,0x00000000fa880000)
 ParOldGen       total 349696K, used 349695K [0x00000000e0000000, 0x00000000f5580000, 0x00000000f5580000)
  object space 349696K, 99% used [0x00000000e0000000,0x00000000f557ffe8,0x00000000f5580000)
 Metaspace       used 60843K, committed 61632K, reserved 1105920K
  class space    used 5545K, committed 5888K, reserved 1048576K

Card table byte_map: [0x00007fac14c34000,0x00007fac14d35000] _byte_map_base: 0x00007fac14534000

Marking Bits: (ParMarkBitMap*) 0x00007fac163844c0
 Begin Bits: [0x00007fabf64b3000, 0x00007fabf6cb3000)
 End Bits:   [0x00007fabf6cb3000, 0x00007fabf74b3000)

Polling page: 0x00007fac14f4e000

Metaspace:

Usage:
  Non-class:     54.00 MB used.
      Class:      5.42 MB used.
       Both:     59.42 MB used.

Virtual space:
  Non-class space:       56.00 MB reserved,      54.44 MB ( 97%) committed,  7 nodes.
      Class space:        1.00 GB reserved,       5.75 MB ( <1%) committed,  1 nodes.
             Both:        1.05 GB reserved,      60.19 MB (  6%) committed. 

Chunk freelists:
   Non-Class:  1.25 MB
       Class:  2.22 MB
        Both:  3.47 MB

MaxMetaspaceSize: unlimited
CompressedClassSpaceSize: 1.00 GB
Initial GC threshold: 21.00 MB
Current GC threshold: 100.25 MB
CDS: on
MetaspaceReclaimPolicy: balanced
 - commit_granule_bytes: 65536.
 - commit_granule_words: 8192.
 - virtual_space_node_default_size: 1048576.
 - enlarge_chunks_in_place: 1.
 - new_chunks_are_fully_committed: 0.
 - uncommit_free_chunks: 1.
 - use_allocation_guard: 0.
 - handle_deallocations: 1.


Internal statistics:

num_allocs_failed_limit: 6.
num_arena_births: 404.
num_arena_deaths: 78.
num_vsnodes_births: 8.
num_vsnodes_deaths: 0.
num_space_committed: 959.
num_space_uncommitted: 0.
num_chunks_returned_to_freelist: 106.
num_chunks_taken_from_freelist: 2720.
num_chunk_merges: 41.
num_chunk_splits: 1777.
num_chunks_enlarged: 1115.
num_purges: 16.
num_inconsistent_stats: 0.

CodeHeap 'non-profiled nmethods': size=120036Kb used=2786Kb max_used=2786Kb free=117249Kb
 bounds [0x00007fabfef7a000, 0x00007fabff23a000, 0x00007fac064b3000]
CodeHeap 'profiled nmethods': size=120032Kb used=21632Kb max_used=23313Kb free=98399Kb
 bounds [0x00007fabf7a42000, 0x00007fabf9112000, 0x00007fabfef7a000]
CodeHeap 'non-nmethods': size=5692Kb used=1382Kb max_used=1396Kb free=4309Kb
 bounds [0x00007fabf74b3000, 0x00007fabf7723000, 0x00007fabf7a42000]
 total_blobs=9427 nmethods=8714 adapters=616
 compilation: enabled
              stopped_count=0, restarted_count=0
 full_count=0

JVMCI Events (20 events):
Event: 394.593 Thread 0x00007fac100b21e0 releasing handles for JVMCI runtime 0: oop handles=54, metadata handles={total=96, live=95, blocks=52}
Event: 394.593 Thread 0x00007fac100b21e0 detached from JVMCI runtime 0
Event: 770.539 Thread 0x00007fac100b21e0 attached to JVMCI runtime 0
Event: 770.593 Thread 0x00007fac100b21e0 created JavaVM[4]@0x00007fab89a9e340 for JVMCI runtime 0
Event: 770.593 Thread 0x00007fac100b21e0 initializing JVMCI runtime 0
Event: 770.593 Thread 0x00007fac100b21e0 done waiting for JavaVM references initialization in JVMCI runtime 0
Event: 796.724 Thread 0x00007fac100b21e0 initialized JVMCI runtime 0
Event: 857.102 Thread 0x00007fac100b21e0 compacted oop handles in JVMCI runtime 0 from 103 to 101
Event: 857.103 Thread 0x00007fac100b21e0 compacted oop handles in JVMCI runtime 0 from 102 to 85
Event: 867.139 Thread 0x00007fac100b21e0 detaching from JVMCI runtime 0: releasing idle compiler thread (0 other threads still attached)
Event: 867.139 Thread 0x00007fac100b21e0 shutting down HotSpotJVMCIRuntime for JVMCI runtime 0
Event: 867.139 Thread 0x00007fac100b21e0 shut down JVMCI runtime 0
Event: 867.145 Thread 0x00007fac100b21e0 destroyed JavaVM[4]@0x00007fab89a9e340 for JVMCI runtime 0
Event: 867.145 Thread 0x00007fac100b21e0 compacted oop handles in JVMCI runtime 0 from 90 to 90
Event: 867.145 Thread 0x00007fac100b21e0 releasing handles for JVMCI runtime 0: oop handles=90, metadata handles={total=224, live=209, blocks=52}
Event: 867.145 Thread 0x00007fac100b21e0 detached from JVMCI runtime 0
Event: 928.200 Thread 0x00007fac100b21e0 attached to JVMCI runtime 0
Event: 928.201 Thread 0x00007fac100b21e0 created JavaVM[5]@0x00007fab89a9e340 for JVMCI runtime 0
Event: 929.710 Thread 0x00007fac100b21e0 initializing JVMCI runtime 0
Event: 929.710 Thread 0x00007fac100b21e0 done waiting for JavaVM references initialization in JVMCI runtime 0

Compilation events (20 events):
Event: 659.168 Thread 0x00007fac100b36f0 nmethod 13050 0x00007fabf857db90 code [0x00007fabf857dd40, 0x00007fabf857e010]
Event: 703.318 Thread 0x00007fac100b36f0 13051       1       org.eclipse.osgi.internal.framework.EquinoxContainer::getStorage (5 bytes)
Event: 703.318 Thread 0x00007fac100b36f0 nmethod 13051 0x00007fabff22f290 code [0x00007fabff22f420, 0x00007fabff22f4f0]
Event: 723.498 Thread 0x00007fac100b36f0 13052       3       java.util.LinkedList::get (14 bytes)
Event: 723.498 Thread 0x00007fac100b36f0 nmethod 13052 0x00007fabf8a79090 code [0x00007fabf8a79280, 0x00007fabf8a79840]
Event: 746.353 Thread 0x00007fac100b36f0 13053       3       java.util.concurrent.ThreadPoolExecutor::isShutdown (12 bytes)
Event: 747.900 Thread 0x00007fac100b36f0 nmethod 13053 0x00007fabf87cad90 code [0x00007fabf87caf40, 0x00007fabf87cb130]
Event: 761.441 Thread 0x00007fac100b36f0 13054       3       jdk.internal.misc.Unsafe::putIntOpaque (9 bytes)
Event: 761.441 Thread 0x00007fac100b36f0 nmethod 13054 0x00007fabf83ed490 code [0x00007fabf83ed620, 0x00007fabf83ed730]
Event: 769.024 Thread 0x00007fac100b36f0 13055       3       java.util.concurrent.ScheduledThreadPoolExecutor::canRunInCurrentRunState (61 bytes)
Event: 770.539 Thread 0x00007fac100b21e0 13056       4       java.util.AbstractCollection::addAll (42 bytes)
Event: 770.541 Thread 0x00007fac100b36f0 nmethod 13055 0x00007fabf7f64510 code [0x00007fabf7f64720, 0x00007fabf7f651c0]
Event: 802.739 Thread 0x00007fac100b36f0 13057  s    3       org.eclipse.jdt.internal.core.search.processing.JobManager::currentJob (35 bytes)
Event: 804.332 Thread 0x00007fac100b36f0 nmethod 13057 0x00007fabf8143810 code [0x00007fabf81439e0, 0x00007fabf8144330]
Event: 857.102 Thread 0x00007fac100b21e0 nmethod 13056 0x00007fabff22f590 code [0x00007fabff22f9c0, 0x00007fabff230d70]
Event: 857.103 Thread 0x00007fac100b21e0 13059       4       org.eclipse.jdt.internal.compiler.classfmt.ClassFileReader::isLocal (42 bytes)
Event: 865.536 Thread 0x00007fac100b21e0 nmethod 13059 0x00007fabff231b10 code [0x00007fabff231cc0, 0x00007fabff2323a8]
Event: 865.536 Thread 0x00007fac100b21e0 13058       4       java.util.Arrays$ArrayItr::next (36 bytes)
Event: 865.537 Thread 0x00007fac100b21e0 nmethod 13058 0x00007fabff232710 code [0x00007fabff232880, 0x00007fabff232950]
Event: 928.200 Thread 0x00007fac100b21e0 13060       4       org.eclipse.core.runtime.SubMonitor::isCanceled (20 bytes)

GC Heap History (20 events):
Event: 981.833 GC heap before
{Heap before GC invocations=730 (full 585):
 PSYoungGen      total 61440K, used 37888K [0x00000000f5580000, 0x00000000faa80000, 0x0000000100000000)
  eden space 37888K, 100% used [0x00000000f5580000,0x00000000f7a80000,0x00000000f7a80000)
  from space 23552K, 0% used [0x00000000f7a80000,0x00000000f7a80000,0x00000000f9180000)
  to   space 23552K, 0% used [0x00000000f9180000,0x00000000f9180000,0x00000000fa880000)
 ParOldGen       total 349696K, used 349695K [0x00000000e0000000, 0x00000000f5580000, 0x00000000f5580000)
  object space 349696K, 99% used [0x00000000e0000000,0x00000000f557ff90,0x00000000f5580000)
 Metaspace       used 60843K, committed 61632K, reserved 1105920K
  class space    used 5545K, committed 5888K, reserved 1048576K
}
Event: 983.441 GC heap after
{Heap after GC invocations=730 (full 585):
 PSYoungGen      total 61440K, used 37887K [0x00000000f5580000, 0x00000000faa80000, 0x0000000100000000)
  eden space 37888K, 99% used [0x00000000f5580000,0x00000000f7a7ffd0,0x00000000f7a80000)
  from space 23552K, 0% used [0x00000000f9180000,0x00000000f9180000,0x00000000fa880000)
  to   space 23552K, 0% used [0x00000000f7a80000,0x00000000f7a80000,0x00000000f9180000)
 ParOldGen       total 349696K, used 349695K [0x00000000e0000000, 0x00000000f5580000, 0x00000000f5580000)
  object space 349696K, 99% used [0x00000000e0000000,0x00000000f557ff90,0x00000000f5580000)
 Metaspace       used 60843K, committed 61632K, reserved 1105920K
  class space    used 5545K, committed 5888K, reserved 1048576K
}
Event: 983.441 GC heap before
{Heap before GC invocations=731 (full 586):
 PSYoungGen      total 61440K, used 37887K [0x00000000f5580000, 0x00000000faa80000, 0x0000000100000000)
  eden space 37888K, 99% used [0x00000000f5580000,0x00000000f7a7fff0,0x00000000f7a80000)
  from space 23552K, 0% used [0x00000000f9180000,0x00000000f9180000,0x00000000fa880000)
  to   space 23552K, 0% used [0x00000000f7a80000,0x00000000f7a80000,0x00000000f9180000)
 ParOldGen       total 349696K, used 349695K [0x00000000e0000000, 0x00000000f5580000, 0x00000000f5580000)
  object space 349696K, 99% used [0x00000000e0000000,0x00000000f557ff90,0x00000000f5580000)
 Metaspace       used 60843K, committed 61632K, reserved 1105920K
  class space    used 5545K, committed 5888K, reserved 1048576K
}
Event: 985.024 GC heap after
{Heap after GC invocations=731 (full 586):
 PSYoungGen      total 61440K, used 37887K [0x00000000f5580000, 0x00000000faa80000, 0x0000000100000000)
  eden space 37888K, 99% used [0x00000000f5580000,0x00000000f7a7fff0,0x00000000f7a80000)
  from space 23552K, 0% used [0x00000000f7a80000,0x00000000f7a80000,0x00000000f9180000)
  to   space 23552K, 0% used [0x00000000f9180000,0x00000000f9180000,0x00000000fa880000)
 ParOldGen       total 349696K, used 349695K [0x00000000e0000000, 0x00000000f5580000, 0x00000000f5580000)
  object space 349696K, 99% used [0x00000000e0000000,0x00000000f557ff90,0x00000000f5580000)
 Metaspace       used 60843K, committed 61632K, reserved 1105920K
  class space    used 5545K, committed 5888K, reserved 1048576K
}
Event: 985.024 GC heap before
{Heap before GC invocations=732 (full 587):
 PSYoungGen      total 61440K, used 37887K [0x00000000f5580000, 0x00000000faa80000, 0x0000000100000000)
  eden space 37888K, 99% used [0x00000000f5580000,0x00000000f7a7fff0,0x00000000f7a80000)
  from space 23552K, 0% used [0x00000000f7a80000,0x00000000f7a80000,0x00000000f9180000)
  to   space 23552K, 0% used [0x00000000f9180000,0x00000000f9180000,0x00000000fa880000)
 ParOldGen       total 349696K, used 349695K [0x00000000e0000000, 0x00000000f5580000, 0x00000000f5580000)
  object space 349696K, 99% used [0x00000000e0000000,0x00000000f557fff8,0x00000000f5580000)
 Metaspace       used 60843K, committed 61632K, reserved 1105920K
  class space    used 5545K, committed 5888K, reserved 1048576K
}
Event: 986.531 GC heap after
{Heap after GC invocations=732 (full 587):
 PSYoungGen      total 61440K, used 37887K [0x00000000f5580000, 0x00000000faa80000, 0x0000000100000000)
  eden space 37888K, 99% used [0x00000000f5580000,0x00000000f7a7ffd0,0x00000000f7a80000)
  from space 23552K, 0% used [0x00000000f9180000,0x00000000f9180000,0x00000000fa880000)
  to   space 23552K, 0% used [0x00000000f7a80000,0x00000000f7a80000,0x00000000f9180000)
 ParOldGen       total 349696K, used 349695K [0x00000000e0000000, 0x00000000f5580000, 0x00000000f5580000)
  object space 349696K, 99% used [0x00000000e0000000,0x00000000f557ff90,0x00000000f5580000)
 Metaspace       used 60843K, committed 61632K, reserved 1105920K
  class space    used 5545K, committed 5888K, reserved 1048576K
}
Event: 986.531 GC heap before
{Heap before GC invocations=733 (full 588):
 PSYoungGen      total 61440K, used 37888K [0x00000000f5580000, 0x00000000faa80000, 0x0000000100000000)
  eden space 37888K, 100% used [0x00000000f5580000,0x00000000f7a80000,0x00000000f7a80000)
  from space 23552K, 0% used [0x00000000f9180000,0x00000000f9180000,0x00000000fa880000)
  to   space 23552K, 0% used [0x00000000f7a80000,0x00000000f7a80000,0x00000000f9180000)
 ParOldGen       total 349696K, used 349695K [0x00000000e0000000, 0x00000000f5580000, 0x00000000f5580000)
  object space 349696K, 99% used [0x00000000e0000000,0x00000000f557ff90,0x00000000f5580000)
 Metaspace       used 60843K, committed 61632K, reserved 1105920K
  class space    used 5545K, committed 5888K, reserved 1048576K
}
Event: 988.025 GC heap after
{Heap after GC invocations=733 (full 588):
 PSYoungGen      total 61440K, used 37888K [0x00000000f5580000, 0x00000000faa80000, 0x0000000100000000)
  eden space 37888K, 100% used [0x00000000f5580000,0x00000000f7a80000,0x00000000f7a80000)
  from space 23552K, 0% used [0x00000000f7a80000,0x00000000f7a80000,0x00000000f9180000)
  to   space 23552K, 0% used [0x00000000f9180000,0x00000000f9180000,0x00000000fa880000)
 ParOldGen       total 349696K, used 349695K [0x00000000e0000000, 0x00000000f5580000, 0x00000000f5580000)
  object space 349696K, 99% used [0x00000000e0000000,0x00000000f557ff90,0x00000000f5580000)
 Metaspace       used 60843K, committed 61632K, reserved 1105920K
  class space    used 5545K, committed 5888K, reserved 1048576K
}
Event: 988.026 GC heap before
{Heap before GC invocations=734 (full 589):
 PSYoungGen      total 61440K, used 37888K [0x00000000f5580000, 0x00000000faa80000, 0x0000000100000000)
  eden space 37888K, 100% used [0x00000000f5580000,0x00000000f7a80000,0x00000000f7a80000)
  from space 23552K, 0% used [0x00000000f7a80000,0x00000000f7a80000,0x00000000f9180000)
  to   space 23552K, 0% used [0x00000000f9180000,0x00000000f9180000,0x00000000fa880000)
 ParOldGen       total 349696K, used 349695K [0x00000000e0000000, 0x00000000f5580000, 0x00000000f5580000)
  object space 349696K, 99% used [0x00000000e0000000,0x00000000f557fff8,0x00000000f5580000)
 Metaspace       used 60843K, committed 61632K, reserved 1105920K
  class space    used 5545K, committed 5888K, reserved 1048576K
}
Event: 989.532 GC heap after
{Heap after GC invocations=734 (full 589):
 PSYoungGen      total 61440K, used 37888K [0x00000000f5580000, 0x00000000faa80000, 0x0000000100000000)
  eden space 37888K, 100% used [0x00000000f5580000,0x00000000f7a80000,0x00000000f7a80000)
  from space 23552K, 0% used [0x00000000f9180000,0x00000000f9180000,0x00000000fa880000)
  to   space 23552K, 0% used [0x00000000f7a80000,0x00000000f7a80000,0x00000000f9180000)
 ParOldGen       total 349696K, used 349695K [0x00000000e0000000, 0x00000000f5580000, 0x00000000f5580000)
  object space 349696K, 99% used [0x00000000e0000000,0x00000000f557ff90,0x00000000f5580000)
 Metaspace       used 60843K, committed 61632K, reserved 1105920K
  class space    used 5545K, committed 5888K, reserved 1048576K
}
Event: 989.532 GC heap before
{Heap before GC invocations=735 (full 590):
 PSYoungGen      total 61440K, used 37888K [0x00000000f5580000, 0x00000000faa80000, 0x0000000100000000)
  eden space 37888K, 100% used [0x00000000f5580000,0x00000000f7a80000,0x00000000f7a80000)
  from space 23552K, 0% used [0x00000000f9180000,0x00000000f9180000,0x00000000fa880000)
  to   space 23552K, 0% used [0x00000000f7a80000,0x00000000f7a80000,0x00000000f9180000)
 ParOldGen       total 349696K, used 349695K [0x00000000e0000000, 0x00000000f5580000, 0x00000000f5580000)
  object space 349696K, 99% used [0x00000000e0000000,0x00000000f557ffe8,0x00000000f5580000)
 Metaspace       used 60843K, committed 61632K, reserved 1105920K
  class space    used 5545K, committed 5888K, reserved 1048576K
}
Event: 990.999 GC heap after
{Heap after GC invocations=735 (full 590):
 PSYoungGen      total 61440K, used 37888K [0x00000000f5580000, 0x00000000faa80000, 0x0000000100000000)
  eden space 37888K, 100% used [0x00000000f5580000,0x00000000f7a80000,0x00000000f7a80000)
  from space 23552K, 0% used [0x00000000f7a80000,0x00000000f7a80000,0x00000000f9180000)
  to   space 23552K, 0% used [0x00000000f9180000,0x00000000f9180000,0x00000000fa880000)
 ParOldGen       total 349696K, used 349695K [0x00000000e0000000, 0x00000000f5580000, 0x00000000f5580000)
  object space 349696K, 99% used [0x00000000e0000000,0x00000000f557ffe8,0x00000000f5580000)
 Metaspace       used 60843K, committed 61632K, reserved 1105920K
  class space    used 5545K, committed 5888K, reserved 1048576K
}
Event: 990.999 GC heap before
{Heap before GC invocations=736 (full 591):
 PSYoungGen      total 61440K, used 37888K [0x00000000f5580000, 0x00000000faa80000, 0x0000000100000000)
  eden space 37888K, 100% used [0x00000000f5580000,0x00000000f7a80000,0x00000000f7a80000)
  from space 23552K, 0% used [0x00000000f7a80000,0x00000000f7a80000,0x00000000f9180000)
  to   space 23552K, 0% used [0x00000000f9180000,0x00000000f9180000,0x00000000fa880000)
 ParOldGen       total 349696K, used 349695K [0x00000000e0000000, 0x00000000f5580000, 0x00000000f5580000)
  object space 349696K, 99% used [0x00000000e0000000,0x00000000f557ffe8,0x00000000f5580000)
 Metaspace       used 60843K, committed 61632K, reserved 1105920K
  class space    used 5545K, committed 5888K, reserved 1048576K
}
Event: 992.451 GC heap after
{Heap after GC invocations=736 (full 591):
 PSYoungGen      total 61440K, used 37888K [0x00000000f5580000, 0x00000000faa80000, 0x0000000100000000)
  eden space 37888K, 100% used [0x00000000f5580000,0x00000000f7a80000,0x00000000f7a80000)
  from space 23552K, 0% used [0x00000000f9180000,0x00000000f9180000,0x00000000fa880000)
  to   space 23552K, 0% used [0x00000000f7a80000,0x00000000f7a80000,0x00000000f9180000)
 ParOldGen       total 349696K, used 349695K [0x00000000e0000000, 0x00000000f5580000, 0x00000000f5580000)
  object space 349696K, 99% used [0x00000000e0000000,0x00000000f557ffe8,0x00000000f5580000)
 Metaspace       used 60843K, committed 61632K, reserved 1105920K
  class space    used 5545K, committed 5888K, reserved 1048576K
}
Event: 992.458 GC heap before
{Heap before GC invocations=737 (full 592):
 PSYoungGen      total 61440K, used 37888K [0x00000000f5580000, 0x00000000faa80000, 0x0000000100000000)
  eden space 37888K, 100% used [0x00000000f5580000,0x00000000f7a80000,0x00000000f7a80000)
  from space 23552K, 0% used [0x00000000f9180000,0x00000000f9180000,0x00000000fa880000)
  to   space 23552K, 0% used [0x00000000f7a80000,0x00000000f7a80000,0x00000000f9180000)
 ParOldGen       total 349696K, used 349695K [0x00000000e0000000, 0x00000000f5580000, 0x00000000f5580000)
  object space 349696K, 99% used [0x00000000e0000000,0x00000000f557ffe8,0x00000000f5580000)
 Metaspace       used 60843K, committed 61632K, reserved 1105920K
  class space    used 5545K, committed 5888K, reserved 1048576K
}
Event: 994.015 GC heap after
{Heap after GC invocations=737 (full 592):
 PSYoungGen      total 61440K, used 37888K [0x00000000f5580000, 0x00000000faa80000, 0x0000000100000000)
  eden space 37888K, 100% used [0x00000000f5580000,0x00000000f7a80000,0x00000000f7a80000)
  from space 23552K, 0% used [0x00000000f7a80000,0x00000000f7a80000,0x00000000f9180000)
  to   space 23552K, 0% used [0x00000000f9180000,0x00000000f9180000,0x00000000fa880000)
 ParOldGen       total 349696K, used 349694K [0x00000000e0000000, 0x00000000f5580000, 0x00000000f5580000)
  object space 349696K, 99% used [0x00000000e0000000,0x00000000f557fa48,0x00000000f5580000)
 Metaspace       used 60843K, committed 61632K, reserved 1105920K
  class space    used 5545K, committed 5888K, reserved 1048576K
}
Event: 994.016 GC heap before
{Heap before GC invocations=738 (full 593):
 PSYoungGen      total 61440K, used 37888K [0x00000000f5580000, 0x00000000faa80000, 0x0000000100000000)
  eden space 37888K, 100% used [0x00000000f5580000,0x00000000f7a80000,0x00000000f7a80000)
  from space 23552K, 0% used [0x00000000f7a80000,0x00000000f7a80000,0x00000000f9180000)
  to   space 23552K, 0% used [0x00000000f9180000,0x00000000f9180000,0x00000000fa880000)
 ParOldGen       total 349696K, used 349694K [0x00000000e0000000, 0x00000000f5580000, 0x00000000f5580000)
  object space 349696K, 99% used [0x00000000e0000000,0x00000000f557fad8,0x00000000f5580000)
 Metaspace       used 60843K, committed 61632K, reserved 1105920K
  class space    used 5545K, committed 5888K, reserved 1048576K
}
Event: 995.524 GC heap after
{Heap after GC invocations=738 (full 593):
 PSYoungGen      total 61440K, used 37887K [0x00000000f5580000, 0x00000000faa80000, 0x0000000100000000)
  eden space 37888K, 99% used [0x00000000f5580000,0x00000000f7a7ffe0,0x00000000f7a80000)
  from space 23552K, 0% used [0x00000000f9180000,0x00000000f9180000,0x00000000fa880000)
  to   space 23552K, 0% used [0x00000000f7a80000,0x00000000f7a80000,0x00000000f9180000)
 ParOldGen       total 349696K, used 349694K [0x00000000e0000000, 0x00000000f5580000, 0x00000000f5580000)
  object space 349696K, 99% used [0x00000000e0000000,0x00000000f557fa70,0x00000000f5580000)
 Metaspace       used 60843K, committed 61632K, reserved 1105920K
  class space    used 5545K, committed 5888K, reserved 1048576K
}
Event: 995.524 GC heap before
{Heap before GC invocations=739 (full 594):
 PSYoungGen      total 61440K, used 37887K [0x00000000f5580000, 0x00000000faa80000, 0x0000000100000000)
  eden space 37888K, 99% used [0x00000000f5580000,0x00000000f7a7ffe0,0x00000000f7a80000)
  from space 23552K, 0% used [0x00000000f9180000,0x00000000f9180000,0x00000000fa880000)
  to   space 23552K, 0% used [0x00000000f7a80000,0x00000000f7a80000,0x00000000f9180000)
 ParOldGen       total 349696K, used 349694K [0x00000000e0000000, 0x00000000f5580000, 0x00000000f5580000)
  object space 349696K, 99% used [0x00000000e0000000,0x00000000f557fa70,0x00000000f5580000)
 Metaspace       used 60843K, committed 61632K, reserved 1105920K
  class space    used 5545K, committed 5888K, reserved 1048576K
}
Event: 997.030 GC heap after
{Heap after GC invocations=739 (full 594):
 PSYoungGen      total 61440K, used 37887K [0x00000000f5580000, 0x00000000faa80000, 0x0000000100000000)
  eden space 37888K, 99% used [0x00000000f5580000,0x00000000f7a7ffe0,0x00000000f7a80000)
  from space 23552K, 0% used [0x00000000f7a80000,0x00000000f7a80000,0x00000000f9180000)
  to   space 23552K, 0% used [0x00000000f9180000,0x00000000f9180000,0x00000000fa880000)
 ParOldGen       total 349696K, used 349694K [0x00000000e0000000, 0x00000000f5580000, 0x00000000f5580000)
  object space 349696K, 99% used [0x00000000e0000000,0x00000000f557fa70,0x00000000f5580000)
 Metaspace       used 60843K, committed 61632K, reserved 1105920K
  class space    used 5545K, committed 5888K, reserved 1048576K
}

Dll operation events (9 events):
Event: 0.002 Loaded shared library /nix/store/gpxl5qgg8kicmcvivwmybwjlpf7wh20l-graalvm17-ce-22.3.0/lib/libjava.so
Event: 0.011 Loaded shared library /nix/store/gpxl5qgg8kicmcvivwmybwjlpf7wh20l-graalvm17-ce-22.3.0/lib/libjsvml.so
Event: 0.213 Loaded shared library /nix/store/gpxl5qgg8kicmcvivwmybwjlpf7wh20l-graalvm17-ce-22.3.0/lib/libnio.so
Event: 0.225 Loaded shared library /nix/store/gpxl5qgg8kicmcvivwmybwjlpf7wh20l-graalvm17-ce-22.3.0/lib/libzip.so
Event: 0.236 Loaded shared library /nix/store/gpxl5qgg8kicmcvivwmybwjlpf7wh20l-graalvm17-ce-22.3.0/lib/libjvmcicompiler.so
Event: 1.012 Loaded shared library /nix/store/gpxl5qgg8kicmcvivwmybwjlpf7wh20l-graalvm17-ce-22.3.0/lib/libjimage.so
Event: 1.802 Loaded shared library /nix/store/gpxl5qgg8kicmcvivwmybwjlpf7wh20l-graalvm17-ce-22.3.0/lib/libnet.so
Event: 5.803 Loaded shared library /home/runner/.cache/jdt-language-server/config/org.eclipse.equinox.launcher/org.eclipse.equinox.launcher.gtk.linux.x86_64_1.2.400.v20211117-0650/eclipse_11600.so
Event: 15.095 Loaded shared library /nix/store/gpxl5qgg8kicmcvivwmybwjlpf7wh20l-graalvm17-ce-22.3.0/lib/libextnet.so

Deoptimization events (20 events):
Event: 94.056 Thread 0x00007fab7c18e4f0 DEOPT PACKING pc=0x00007fabf7b58e9d sp=0x00007fabbb3fdb20
Event: 94.056 Thread 0x00007fab7c18e4f0 DEOPT UNPACKING pc=0x00007fabf7505325 sp=0x00007fabbb3fd018 mode 0
Event: 95.722 Thread 0x00007fab7c18e4f0 DEOPT PACKING pc=0x00007fabf7b58e9d sp=0x00007fabbb3fd370
Event: 95.722 Thread 0x00007fab7c18e4f0 DEOPT UNPACKING pc=0x00007fabf7505325 sp=0x00007fabbb3fc868 mode 0
Event: 95.827 Thread 0x00007fab7c18e4f0 DEOPT PACKING pc=0x00007fabf7b58e9d sp=0x00007fabbb3fc900
Event: 95.827 Thread 0x00007fab7c18e4f0 DEOPT UNPACKING pc=0x00007fabf7505325 sp=0x00007fabbb3fbdf8 mode 0
Event: 104.663 Thread 0x00007fac103ec5d0 DEOPT PACKING pc=0x00007fabf8862ef0 sp=0x00007fabbbbfd6f0
Event: 104.663 Thread 0x00007fac103ec5d0 DEOPT UNPACKING pc=0x00007fabf7505325 sp=0x00007fabbbbfcc08 mode 0
Event: 191.695 Thread 0x00007fab7c1ae660 DEOPT PACKING pc=0x00007fabff17fd60 sp=0x00007fabbb8fd760
Event: 191.695 Thread 0x00007fab7c1ae660 DEOPT UNPACKING pc=0x00007fabf7505325 sp=0x00007fabbb8fcbf8 mode 1
Event: 206.609 Thread 0x00007fab980010d0 DEOPT PACKING pc=0x00007fabf8b1c99d sp=0x00007fabbc5fddd0
Event: 206.609 Thread 0x00007fab980010d0 DEOPT UNPACKING pc=0x00007fabf7505325 sp=0x00007fabbc5fd320 mode 0
Event: 926.613 Thread 0x00007faba4480f70 Uncommon trap: trap_request=0xffffff8f fr.pc=0x00007fabff1f8fa2 relative=0x00000000000011e2
Event: 926.613 Thread 0x00007faba4480f70 Uncommon trap: reason=constraint action=none pc=0x00007fabff1f8fa2 method=org.eclipse.jdt.internal.core.index.DiskIndex.copyQueryResults(Lorg/eclipse/jdt/internal/compiler/util/HashtableOfObject;I)V @ 123 jvmci
Event: 926.613 Thread 0x00007faba4480f70 DEOPT PACKING pc=0x00007fabff1f8fa2 sp=0x00007fabbc1fe530
Event: 926.613 Thread 0x00007faba4480f70 DEOPT UNPACKING pc=0x00007fabf7505325 sp=0x00007fabbc1fda28 mode 3
Event: 992.451 Thread 0x00007fab980010d0 Uncommon trap: trap_request=0xffffff8f fr.pc=0x00007fabff181547 relative=0x00000000000006e7
Event: 992.451 Thread 0x00007fab980010d0 Uncommon trap: reason=constraint action=none pc=0x00007fabff181547 method=org.eclipse.jdt.internal.core.util.Util.getNameWithoutJavaLikeExtension(Ljava/lang/String;)Ljava/lang/String; @ 18 jvmci
Event: 992.451 Thread 0x00007fab980010d0 DEOPT PACKING pc=0x00007fabff181547 sp=0x00007fabbc5fdd10
Event: 992.451 Thread 0x00007fab980010d0 DEOPT UNPACKING pc=0x00007fabf7505325 sp=0x00007fabbc5fd150 mode 3

Classes unloaded (20 events):
Event: 146.529 Thread 0x00007fac100a1c10 Unloading class 0x0000000800d04c00 'java/lang/invoke/LambdaForm$MH+0x0000000800d04c00'
Event: 146.529 Thread 0x00007fac100a1c10 Unloading class 0x0000000800d04800 'java/lang/invoke/LambdaForm$MH+0x0000000800d04800'
Event: 150.599 Thread 0x00007fac100a1c10 Unloading class 0x0000000800ee9000 'jdk/internal/reflect/GeneratedConstructorAccessor12'
Event: 150.599 Thread 0x00007fac100a1c10 Unloading class 0x0000000800ee8800 'jdk/internal/reflect/GeneratedConstructorAccessor10'
Event: 150.599 Thread 0x00007fac100a1c10 Unloading class 0x0000000800ee8400 'jdk/internal/reflect/GeneratedConstructorAccessor9'
Event: 150.599 Thread 0x00007fac100a1c10 Unloading class 0x0000000800ee8000 'jdk/internal/reflect/GeneratedConstructorAccessor8'
Event: 154.746 Thread 0x00007fac100a1c10 Unloading class 0x0000000801057800 'java/lang/invoke/LambdaForm$MH+0x0000000801057800'
Event: 154.746 Thread 0x00007fac100a1c10 Unloading class 0x0000000801057400 'java/lang/invoke/LambdaForm$MH+0x0000000801057400'
Event: 154.746 Thread 0x00007fac100a1c10 Unloading class 0x0000000801057000 'java/lang/invoke/LambdaForm$MH+0x0000000801057000'
Event: 154.746 Thread 0x00007fac100a1c10 Unloading class 0x0000000801056c00 'java/lang/invoke/LambdaForm$MH+0x0000000801056c00'
Event: 154.746 Thread 0x00007fac100a1c10 Unloading class 0x0000000801056800 'java/lang/invoke/LambdaForm$MH+0x0000000801056800'
Event: 154.746 Thread 0x00007fac100a1c10 Unloading class 0x0000000801056400 'java/lang/invoke/LambdaForm$MH+0x0000000801056400'
Event: 154.746 Thread 0x00007fac100a1c10 Unloading class 0x0000000800d98400 'java/lang/invoke/LambdaForm$MH+0x0000000800d98400'
Event: 154.746 Thread 0x00007fac100a1c10 Unloading class 0x0000000800d04000 'java/lang/invoke/LambdaForm$MH+0x0000000800d04000'
Event: 164.761 Thread 0x00007fac100a1c10 Unloading class 0x0000000801099400 'jdk/internal/reflect/GeneratedSerializationConstructorAccessor4'
Event: 164.761 Thread 0x00007fac100a1c10 Unloading class 0x0000000801099000 'jdk/internal/reflect/GeneratedSerializationConstructorAccessor3'
Event: 164.761 Thread 0x00007fac100a1c10 Unloading class 0x0000000801098c00 'jdk/internal/reflect/GeneratedSerializationConstructorAccessor2'
Event: 164.761 Thread 0x00007fac100a1c10 Unloading class 0x0000000801098800 'jdk/internal/reflect/GeneratedSerializationConstructorAccessor1'
Event: 248.732 Thread 0x00007fac100a1c10 Unloading class 0x00000008011a5800 'jdk/internal/reflect/GeneratedConstructorAccessor38'
Event: 254.946 Thread 0x00007fac100a1c10 Unloading class 0x00000008011a5400 'jdk/internal/reflect/GeneratedConstructorAccessor37'

Classes redefined (0 events):
No events

Internal exceptions (20 events):
Event: 60.093 Thread 0x00007faba43048e0 Exception <a 'sun/nio/fs/UnixException'{0x00000000f5c2fe90}> (0x00000000f5c2fe90) 
thrown [src/hotspot/share/prims/jni.cpp, line 516]
Event: 60.600 Thread 0x00007faba43048e0 Exception <a 'sun/nio/fs/UnixException'{0x00000000f5bc3010}> (0x00000000f5bc3010) 
thrown [src/hotspot/share/prims/jni.cpp, line 516]
Event: 61.210 Thread 0x00007faba43048e0 Exception <a 'sun/nio/fs/UnixException'{0x00000000f5afe1a0}> (0x00000000f5afe1a0) 
thrown [src/hotspot/share/prims/jni.cpp, line 516]
Event: 61.213 Thread 0x00007faba43048e0 Exception <a 'sun/nio/fs/UnixException'{0x00000000f5b47158}> (0x00000000f5b47158) 
thrown [src/hotspot/share/prims/jni.cpp, line 516]
Event: 61.602 Thread 0x00007faba43048e0 Exception <a 'sun/nio/fs/UnixException'{0x00000000f5b39268}> (0x00000000f5b39268) 
thrown [src/hotspot/share/prims/jni.cpp, line 516]
Event: 61.606 Thread 0x00007faba43048e0 Exception <a 'sun/nio/fs/UnixException'{0x00000000f5b49f30}> (0x00000000f5b49f30) 
thrown [src/hotspot/share/prims/jni.cpp, line 516]
Event: 61.610 Thread 0x00007faba43048e0 Exception <a 'sun/nio/fs/UnixException'{0x00000000f5b715b0}> (0x00000000f5b715b0) 
thrown [src/hotspot/share/prims/jni.cpp, line 516]
Event: 61.793 Thread 0x00007faba43048e0 Exception <a 'sun/nio/fs/UnixException'{0x00000000f6003d70}> (0x00000000f6003d70) 
thrown [src/hotspot/share/prims/jni.cpp, line 516]
Event: 61.813 Thread 0x00007faba43048e0 Exception <a 'sun/nio/fs/UnixException'{0x00000000f6160ea8}> (0x00000000f6160ea8) 
thrown [src/hotspot/share/prims/jni.cpp, line 516]
Event: 61.895 Thread 0x00007faba43048e0 Exception <a 'sun/nio/fs/UnixException'{0x00000000f61e6b78}> (0x00000000f61e6b78) 
thrown [src/hotspot/share/prims/jni.cpp, line 516]
Event: 64.908 Thread 0x00007fab980010d0 Exception <a 'java/lang/NoSuchMethodError'{0x00000000f56f38a0}: 'java.lang.Object java.lang.invoke.DirectMethodHandle$Holder.newInvokeSpecial(java.lang.Object, java.lang.Object, java.lang.Object, int, java.lang.Object)'> (0x00000000f56f38a0) 
thrown [src/hotspot/share/interpreter/linkResolver.cpp, line 758]
Event: 64.909 Thread 0x00007fab980010d0 Exception <a 'java/lang/NoSuchMethodError'{0x00000000f56fcaf8}: 'java.lang.Object java.lang.invoke.DirectMethodHandle$Holder.invokeSpecial(java.lang.Object, java.lang.Object, java.lang.Object, java.lang.Object, int, java.lang.Object)'> (0x00000000f56fcaf8) 
thrown [src/hotspot/share/interpreter/linkResolver.cpp, line 758]
Event: 64.910 Thread 0x00007fab980010d0 Exception <a 'java/lang/NoSuchMethodError'{0x00000000f57056c0}: 'java.lang.Object java.lang.invoke.Invokers$Holder.linkToTargetMethod(java.lang.Object, java.lang.Object, int, java.lang.Object, java.lang.Object)'> (0x00000000f57056c0) 
thrown [src/hotspot/share/interpreter/linkResolver.cpp, line 758]
Event: 79.803 Thread 0x00007fac103ec5d0 Exception <a 'java/lang/NoSuchMethodError'{0x00000000f5a6a888}: 'java.lang.Object java.lang.invoke.DirectMethodHandle$Holder.invokeStatic(java.lang.Object, java.lang.Object, int, java.lang.Object)'> (0x00000000f5a6a888) 
thrown [src/hotspot/share/interpreter/linkResolver.cpp, line 758]
Event: 79.804 Thread 0x00007fac103ec5d0 Exception <a 'java/lang/NoSuchMethodError'{0x00000000f5a73728}: 'java.lang.Object java.lang.invoke.DirectMethodHandle$Holder.newInvokeSpecial(java.lang.Object, java.lang.Object, int)'> (0x00000000f5a73728) 
thrown [src/hotspot/share/interpreter/linkResolver.cpp, line 758]
Event: 926.613 Thread 0x00007faba4480f70 Exception <a 'java/lang/OutOfMemoryError'{0x00000000e0008a30}> (0x00000000e0008a30) 
thrown [src/hotspot/share/gc/shared/memAllocator.cpp, line 138]
Event: 926.613 Thread 0x00007faba4480f70 Implicit null exception at 0x00007fabff1f8a0e to 0x00007fabff1f8f87
Event: 992.451 Thread 0x00007fab980010d0 Exception <a 'java/lang/OutOfMemoryError'{0x00000000e0008490}> (0x00000000e0008490) 
thrown [src/hotspot/share/gc/shared/memAllocator.cpp, line 138]
Event: 992.451 Thread 0x00007fab980010d0 Implicit null exception at 0x00007fabff1812ee to 0x00007fabff18152c
Event: 997.030 Thread 0x00007fac100b21e0 Exception <a 'java/lang/OutOfMemoryError'{0x00000000e0008210}> (0x00000000e0008210) 
thrown [src/hotspot/share/gc/shared/memAllocator.cpp, line 136]

VM Operations (20 events):
Event: 978.715 Executing VM operation: ParallelGCFailedAllocation
Event: 980.301 Executing VM operation: ParallelGCFailedAllocation done
Event: 980.301 Executing VM operation: ParallelGCFailedAllocation
Event: 981.832 Executing VM operation: ParallelGCFailedAllocation done
Event: 981.833 Executing VM operation: ParallelGCFailedAllocation
Event: 983.441 Executing VM operation: ParallelGCFailedAllocation done
Event: 983.441 Executing VM operation: ParallelGCFailedAllocation
Event: 985.024 Executing VM operation: ParallelGCFailedAllocation done
Event: 985.024 Executing VM operation: ParallelGCFailedAllocation
Event: 986.531 Executing VM operation: ParallelGCFailedAllocation done
Event: 986.531 Executing VM operation: ParallelGCFailedAllocation
Event: 988.026 Executing VM operation: ParallelGCFailedAllocation done
Event: 988.026 Executing VM operation: ParallelGCFailedAllocation
Event: 989.532 Executing VM operation: ParallelGCFailedAllocation done
Event: 989.532 Executing VM operation: ParallelGCFailedAllocation
Event: 992.451 Executing VM operation: ParallelGCFailedAllocation done
Event: 992.458 Executing VM operation: ParallelGCFailedAllocation
Event: 994.015 Executing VM operation: ParallelGCFailedAllocation done
Event: 994.016 Executing VM operation: ParallelGCFailedAllocation
Event: 997.030 Executing VM operation: ParallelGCFailedAllocation done

Events (20 events):
Event: 151.408 Thread 0x00007fab980c3d60 Thread exited: 0x00007fab980c3d60
Event: 151.497 Thread 0x00007faba43048e0 Thread exited: 0x00007faba43048e0
Event: 155.818 Thread 0x00007fab7c1b49d0 Thread added: 0x00007fab7c1b49d0
Event: 155.820 Thread 0x00007fab7c0cec50 Thread added: 0x00007fab7c0cec50
Event: 155.821 Protecting memory [0x00007fabbc700000,0x00007fabbc704000] with protection modes 0
Event: 155.821 Protecting memory [0x00007fabbbc00000,0x00007fabbbc04000] with protection modes 0
Event: 157.941 Thread 0x00007fab7c18e4f0 Thread added: 0x00007fab7c18e4f0
Event: 157.942 Protecting memory [0x00007fabbb300000,0x00007fabbb304000] with protection modes 0
Event: 157.947 Thread 0x00007fab7c1b78d0 Thread added: 0x00007fab7c1b78d0
Event: 157.954 Protecting memory [0x00007fabbc400000,0x00007fabbc404000] with protection modes 0
Event: 159.994 Thread 0x00007fab7c1ae660 Thread added: 0x00007fab7c1ae660
Event: 159.995 Protecting memory [0x00007fabbb800000,0x00007fabbb804000] with protection modes 0
Event: 159.995 Thread 0x00007fab7c1911b0 Thread added: 0x00007fab7c1911b0
Event: 159.999 Protecting memory [0x00007fabba100000,0x00007fabba104000] with protection modes 0
Event: 167.321 Thread 0x00007fab7c1946e0 Thread added: 0x00007fab7c1946e0
Event: 167.321 Protecting memory [0x00007fabbaf00000,0x00007fabbaf04000] with protection modes 0
Event: 198.766 Thread 0x00007fab7c1911b0 Thread exited: 0x00007fab7c1911b0
Event: 200.600 Thread 0x00007fab7c1946e0 Thread exited: 0x00007fab7c1946e0
Event: 224.505 Thread 0x00007fab70000d70 Thread exited: 0x00007fab70000d70
Event: 255.443 Thread 0x00007fab60019ef0 Thread exited: 0x00007fab60019ef0


Dynamic libraries:
e0000000-f5580000 rw-p 00000000 00:00 0 
f5580000-faa80000 rw-p 00000000 00:00 0 
faa80000-100000000 ---p 00000000 00:00 0 
800000000-800449000 rw-p 00001000 00:1590 4611686019135357769            /nix/store/gpxl5qgg8kicmcvivwmybwjlpf7wh20l-graalvm17-ce-22.3.0/lib/server/classes.jsa
800449000-800bc8000 r--p 0044a000 00:1590 4611686019135357769            /nix/store/gpxl5qgg8kicmcvivwmybwjlpf7wh20l-graalvm17-ce-22.3.0/lib/server/classes.jsa
800bc8000-800c00000 ---p 00000000 00:00 0 
800c00000-800c20000 rw-p 00000000 00:00 0 
800c20000-800c40000 rw-p 00000000 00:00 0 
800c40000-800cc0000 rw-p 00000000 00:00 0 
800cc0000-800d00000 rw-p 00000000 00:00 0 
800d00000-800dc0000 rw-p 00000000 00:00 0 
800dc0000-800e00000 rw-p 00000000 00:00 0 
800e00000-800f40000 rw-p 00000000 00:00 0 
800f40000-800fc0000 rw-p 00000000 00:00 0 
800fc0000-800ff0000 rw-p 00000000 00:00 0 
800ff0000-801000000 ---p 00000000 00:00 0 
801000000-8011d0000 rw-p 00000000 00:00 0 
8011d0000-840c00000 ---p 00000000 00:00 0 
55b58f02d000-55b58f02e000 r-xp 00000000 00:1590 4611686019099417844      /nix/store/gpxl5qgg8kicmcvivwmybwjlpf7wh20l-graalvm17-ce-22.3.0/bin/.java-wrapped
55b58f02f000-55b58f030000 r--p 00001000 00:1590 4611686019099417844      /nix/store/gpxl5qgg8kicmcvivwmybwjlpf7wh20l-graalvm17-ce-22.3.0/bin/.java-wrapped
55b58f030000-55b58f031000 rw-p 00002000 00:1590 4611686019099417844      /nix/store/gpxl5qgg8kicmcvivwmybwjlpf7wh20l-graalvm17-ce-22.3.0/bin/.java-wrapped
55b58f031000-55b58f032000 rw-p 00004000 00:1590 4611686019099417844      /nix/store/gpxl5qgg8kicmcvivwmybwjlpf7wh20l-graalvm17-ce-22.3.0/bin/.java-wrapped
55b58f032000-55b58f033000 rw-p 00005000 00:1590 4611686019099417844      /nix/store/gpxl5qgg8kicmcvivwmybwjlpf7wh20l-graalvm17-ce-22.3.0/bin/.java-wrapped
55b58fe39000-55b58fe81000 rw-p 00000000 00:00 0                          [heap]
7fab20000000-7fab20022000 rw-p 00000000 00:00 0 
7fab20022000-7fab24000000 ---p 00000000 00:00 0 
7fab28000000-7fab28021000 rw-p 00000000 00:00 0 
7fab28021000-7fab2c000000 ---p 00000000 00:00 0 
7fab2c000000-7fab2c021000 rw-p 00000000 00:00 0 
7fab2c021000-7fab30000000 ---p 00000000 00:00 0 
7fab30000000-7fab30065000 rw-p 00000000 00:00 0 
7fab30065000-7fab34000000 ---p 00000000 00:00 0 
7fab34000000-7fab3402c000 rw-p 00000000 00:00 0 
7fab3402c000-7fab38000000 ---p 00000000 00:00 0 
7fab38000000-7fab38045000 rw-p 00000000 00:00 0 
7fab38045000-7fab3c000000 ---p 00000000 00:00 0 
7fab3c000000-7fab3c021000 rw-p 00000000 00:00 0 
7fab3c021000-7fab40000000 ---p 00000000 00:00 0 
7fab40000000-7fab40021000 rw-p 00000000 00:00 0 
7fab40021000-7fab44000000 ---p 00000000 00:00 0 
7fab44000000-7fab4402b000 rw-p 00000000 00:00 0 
7fab4402b000-7fab48000000 ---p 00000000 00:00 0 
7fab48000000-7fab48043000 rw-p 00000000 00:00 0 
7fab48043000-7fab4c000000 ---p 00000000 00:00 0 
7fab4c000000-7fab4c021000 rw-p 00000000 00:00 0 
7fab4c021000-7fab50000000 ---p 00000000 00:00 0 
7fab50000000-7fab5002a000 rw-p 00000000 00:00 0 
7fab5002a000-7fab54000000 ---p 00000000 00:00 0 
7fab54000000-7fab54021000 rw-p 00000000 00:00 0 
7fab54021000-7fab58000000 ---p 00000000 00:00 0 
7fab58000000-7fab58054000 rw-p 00000000 00:00 0 
7fab58054000-7fab5c000000 ---p 00000000 00:00 0 
7fab5c000000-7fab5c023000 rw-p 00000000 00:00 0 
7fab5c023000-7fab60000000 ---p 00000000 00:00 0 
7fab60000000-7fab60058000 rw-p 00000000 00:00 0 
7fab60058000-7fab64000000 ---p 00000000 00:00 0 
7fab65000000-7fab65240000 rw-p 00000000 00:00 0 
7fab65240000-7fab65360000 rw-p 00000000 00:00 0 
7fab65360000-7fab65580000 rw-p 00000000 00:00 0 
7fab65580000-7fab655a0000 rw-p 00000000 00:00 0 
7fab655a0000-7fab65600000 ---p 00000000 00:00 0 
7fab65600000-7fab656d0000 rw-p 00000000 00:00 0 
7fab656d0000-7fab65800000 ---p 00000000 00:00 0 
7fab664b3000-7fab70000000 r--s 00000000 00:1590 4611686019135192581      /nix/store/gpxl5qgg8kicmcvivwmybwjlpf7wh20l-graalvm17-ce-22.3.0/lib/modules
7fab70000000-7fab700d6000 rw-p 00000000 00:00 0 
7fab700d6000-7fab74000000 ---p 00000000 00:00 0 
7fab74000000-7fab74060000 rw-p 00000000 00:00 0 
7fab74060000-7fab78000000 ---p 00000000 00:00 0 
7fab78000000-7fab78021000 rw-p 00000000 00:00 0 
7fab78021000-7fab7c000000 ---p 00000000 00:00 0 
7fab7c000000-7fab7c1da000 rw-p 00000000 00:00 0 
7fab7c1da000-7fab80000000 ---p 00000000 00:00 0 
7fab80000000-7fab80021000 rw-p 00000000 00:00 0 
7fab80021000-7fab84000000 ---p 00000000 00:00 0 
7fab84000000-7fab84079000 rw-p 00000000 00:00 0 
7fab84079000-7fab88000000 ---p 00000000 00:00 0 
7fab88e00000-7fab88f00000 ---p 00000000 00:00 0 
7fab88f00000-7fab894af000 r--p 01122000 00:1590 4611686019135190040      /nix/store/gpxl5qgg8kicmcvivwmybwjlpf7wh20l-graalvm17-ce-22.3.0/lib/libjvmcicompiler.so
7fab894af000-7fab89600000 r--p 00000000 00:00 0 
7fab89600000-7fab8963d000 rw-p 00000000 00:00 0 
7fab8963d000-7fab89b5d000 rw-p 0185f000 00:1590 4611686019135190040      /nix/store/gpxl5qgg8kicmcvivwmybwjlpf7wh20l-graalvm17-ce-22.3.0/lib/libjvmcicompiler.so
7fab89b5d000-7fab89f44000 r--p 01d7f000 00:1590 4611686019135190040      /nix/store/gpxl5qgg8kicmcvivwmybwjlpf7wh20l-graalvm17-ce-22.3.0/lib/libjvmcicompiler.so
7fab8a000000-7fab8a100000 rw-p 00000000 00:00 0 
7fab8a100000-7fab8a800000 rw-p 00000000 00:00 0 
7fab8a800000-7fab8a9c0000 rw-p 00000000 00:00 0 
7fab8a9c0000-7fab8aa00000 rw-p 00000000 00:00 0 
7fab8aa00000-7fab8ad00000 rw-p 00000000 00:00 0 
7fab8ad00000-7fab8ae00000 rw-p 00000000 00:00 0 
7fab8ae00000-7fab8b000000 rw-p 00000000 00:00 0 
7fab8b000000-7fab8b100000 rw-p 00000000 00:00 0 
7fab8b100000-7fab8b180000 rw-p 00000000 00:00 0 
7fab8b180000-7fab8b200000 rw-p 00000000 00:00 0 
7fab8b200000-7fab8b2c0000 rw-p 00000000 00:00 0 
7fab8b2c0000-7fab8b300000 rw-p 00000000 00:00 0 
7fab8b300000-7fab8b500000 rw-p 00000000 00:00 0 
7fab8b500000-7fab8b600000 rw-p 00000000 00:00 0 
7fab8b600000-7fab8b800000 rw-p 00000000 00:00 0 
7fab8b800000-7fab8b900000 rw-p 00000000 00:00 0 
7fab8b900000-7fab8ba00000 rw-p 00000000 00:00 0 
7fab8ba00000-7fab8bf80000 rw-p 00000000 00:00 0 
7fab8bf80000-7fab8c000000 rw-p 00000000 00:00 0 
7fab8c000000-7fab8c05d000 rw-p 00000000 00:00 0 
7fab8c05d000-7fab90000000 ---p 00000000 00:00 0 
7fab90000000-7fab90303000 rw-p 00000000 00:00 0 
7fab90303000-7fab94000000 ---p 00000000 00:00 0 
7fab94000000-7fab94021000 rw-p 00000000 00:00 0 
7fab94021000-7fab98000000 ---p 00000000 00:00 0 
7fab98000000-7fab9814c000 rw-p 00000000 00:00 0 
7fab9814c000-7fab9c000000 ---p 00000000 00:00 0 
7fab9c000000-7fab9c021000 rw-p 00000000 00:00 0 
7fab9c021000-7faba0000000 ---p 00000000 00:00 0 
7faba0000000-7faba0021000 rw-p 00000000 00:00 0 
7faba0021000-7faba4000000 ---p 00000000 00:00 0 
7faba4000000-7faba48c4000 rw-p 00000000 00:00 0 
7faba48c4000-7faba8000000 ---p 00000000 00:00 0 
7faba8000000-7faba8022000 rw-p 00000000 00:00 0 
7faba8022000-7fabac000000 ---p 00000000 00:00 0 
7fabac000000-7fabac021000 rw-p 00000000 00:00 0 
7fabac021000-7fabb0000000 ---p 00000000 00:00 0 
7fabb0000000-7fabb0021000 rw-p 00000000 00:00 0 
7fabb0021000-7fabb4000000 ---p 00000000 00:00 0 
7fabb4000000-7fabb4021000 rw-p 00000000 00:00 0 
7fabb4021000-7fabb8000000 ---p 00000000 00:00 0 
7fabb8400000-7fabb8500000 rw-p 00000000 00:00 0 
7fabb8500000-7fabb8600000 rw-p 00000000 00:00 0 
7fabb8600000-7fabb8900000 rw-p 00000000 00:00 0 
7fabb8900000-7fabb8a00000 rw-p 00000000 00:00 0 
7fabb8a00000-7fabb8c00000 rw-p 00000000 00:00 0 
7fabb8c00000-7fabb8c10000 r-xp 00000000 00:aa1 353                       /home/runner/.cache/jdt-language-server/config/org.eclipse.equinox.launcher/org.eclipse.equinox.launcher.gtk.linux.x86_64_1.2.400.v20211117-0650/eclipse_11600.so
7fabb8c10000-7fabb8e0f000 ---p 00010000 00:aa1 353                       /home/runner/.cache/jdt-language-server/config/org.eclipse.equinox.launcher/org.eclipse.equinox.launcher.gtk.linux.x86_64_1.2.400.v20211117-0650/eclipse_11600.so
7fabb8e0f000-7fabb8e10000 r--p 0000f000 00:aa1 353                       /home/runner/.cache/jdt-language-server/config/org.eclipse.equinox.launcher/org.eclipse.equinox.launcher.gtk.linux.x86_64_1.2.400.v20211117-0650/eclipse_11600.so
7fabb8e10000-7fabb8e11000 rw-p 00010000 00:aa1 353                       /home/runner/.cache/jdt-language-server/config/org.eclipse.equinox.launcher/org.eclipse.equinox.launcher.gtk.linux.x86_64_1.2.400.v20211117-0650/eclipse_11600.so
7fabb9d00000-7fabb9d04000 ---p 00000000 00:00 0 
7fabb9d04000-7fabb9e00000 rw-p 00000000 00:00 0 
7fabb9f00000-7fabb9f04000 ---p 00000000 00:00 0 
7fabb9f04000-7fabba000000 rw-p 00000000 00:00 0 
7fabba100000-7fabba104000 ---p 00000000 00:00 0 
7fabba104000-7fabba200000 rw-p 00000000 00:00 0 
7fabba300000-7fabba304000 ---p 00000000 00:00 0 
7fabba304000-7fabba400000 rw-p 00000000 00:00 0 
7fabba500000-7fabba504000 ---p 00000000 00:00 0 
7fabba504000-7fabba600000 rw-p 00000000 00:00 0 
7fabba700000-7fabba704000 ---p 00000000 00:00 0 
7fabba704000-7fabba800000 rw-p 00000000 00:00 0 
7fabba900000-7fabba904000 ---p 00000000 00:00 0 
7fabba904000-7fabbaa00000 rw-p 00000000 00:00 0 
7fabbab00000-7fabbab04000 ---p 00000000 00:00 0 
7fabbab04000-7fabbac00000 rw-p 00000000 00:00 0 
7fabbad00000-7fabbad04000 ---p 00000000 00:00 0 
7fabbad04000-7fabbae00000 rw-p 00000000 00:00 0 
7fabbaf00000-7fabbaf04000 ---p 00000000 00:00 0 
7fabbaf04000-7fabbb000000 rw-p 00000000 00:00 0 
7fabbb100000-7fabbb104000 ---p 00000000 00:00 0 
7fabbb104000-7fabbb200000 rw-p 00000000 00:00 0 
7fabbb300000-7fabbb304000 ---p 00000000 00:00 0 
7fabbb304000-7fabbb400000 rw-p 00000000 00:00 0 
7fabbb500000-7fabbb504000 ---p 00000000 00:00 0 
7fabbb504000-7fabbb600000 rw-p 00000000 00:00 0 
7fabbb700000-7fabbb704000 ---p 00000000 00:00 0 
7fabbb704000-7fabbb800000 rw-p 00000000 00:00 0 
7fabbb800000-7fabbb804000 ---p 00000000 00:00 0 
7fabbb804000-7fabbb900000 rw-p 00000000 00:00 0 
7fabbb900000-7fabbb904000 ---p 00000000 00:00 0 
7fabbb904000-7fabbba00000 rw-p 00000000 00:00 0 
7fabbba00000-7fabbba04000 ---p 00000000 00:00 0 
7fabbba04000-7fabbbb00000 rw-p 00000000 00:00 0 
7fabbbb00000-7fabbbb04000 ---p 00000000 00:00 0 
7fabbbb04000-7fabbbc00000 rw-p 00000000 00:00 0 
7fabbbc00000-7fabbbc04000 ---p 00000000 00:00 0 
7fabbbc04000-7fabbbd00000 rw-p 00000000 00:00 0 
7fabbbd00000-7fabbbd04000 ---p 00000000 00:00 0 
7fabbbd04000-7fabbbe00000 rw-p 00000000 00:00 0 
7fabbbe00000-7fabbbe04000 ---p 00000000 00:00 0 
7fabbbe04000-7fabbbf00000 rw-p 00000000 00:00 0 
7fabbbf00000-7fabbbf04000 ---p 00000000 00:00 0 
7fabbbf04000-7fabbc000000 rw-p 00000000 00:00 0 
7fabbc100000-7fabbc104000 ---p 00000000 00:00 0 
7fabbc104000-7fabbc200000 rw-p 00000000 00:00 0 
7fabbc200000-7fabbc204000 ---p 00000000 00:00 0 
7fabbc204000-7fabbc300000 rw-p 00000000 00:00 0 
7fabbc300000-7fabbc304000 ---p 00000000 00:00 0 
7fabbc304000-7fabbc400000 rw-p 00000000 00:00 0 
7fabbc400000-7fabbc404000 ---p 00000000 00:00 0 
7fabbc404000-7fabbc500000 rw-p 00000000 00:00 0 
7fabbc500000-7fabbc504000 ---p 00000000 00:00 0 
7fabbc504000-7fabbc600000 rw-p 00000000 00:00 0 
7fabbc600000-7fabbc604000 ---p 00000000 00:00 0 
7fabbc604000-7fabbc700000 rw-p 00000000 00:00 0 
7fabbc700000-7fabbc704000 ---p 00000000 00:00 0 
7fabbc704000-7fabbc800000 rw-p 00000000 00:00 0 
7fabbc800000-7fabbc804000 ---p 00000000 00:00 0 
7fabbc804000-7fabbc900000 rw-p 00000000 00:00 0 
7fabbc900000-7fabbc904000 ---p 00000000 00:00 0 
7fabbc904000-7fabbca00000 rw-p 00000000 00:00 0 
7fabbd668000-7fabbdb00000 rw-p 00000000 00:00 0 
7fabbdc00000-7fabbfd6a000 r-xp 00000000 00:1590 4611686019135190040      /nix/store/gpxl5qgg8kicmcvivwmybwjlpf7wh20l-graalvm17-ce-22.3.0/lib/libjvmcicompiler.so
7fabbfd6a000-7fabbff69000 ---p 0216a000 00:1590 4611686019135190040      /nix/store/gpxl5qgg8kicmcvivwmybwjlpf7wh20l-graalvm17-ce-22.3.0/lib/libjvmcicompiler.so
7fabbff69000-7fabbff6a000 r--p 02169000 00:1590 4611686019135190040      /nix/store/gpxl5qgg8kicmcvivwmybwjlpf7wh20l-graalvm17-ce-22.3.0/lib/libjvmcicompiler.so
7fabbff6a000-7fabbff6c000 rw-p 0216a000 00:1590 4611686019135190040      /nix/store/gpxl5qgg8kicmcvivwmybwjlpf7wh20l-graalvm17-ce-22.3.0/lib/libjvmcicompiler.so
7fabbff6c000-7fabbff6d000 rw-p 00000000 00:00 0 
7fabbff6d000-7fabbff72000 rw-p 023c3000 00:1590 4611686019135190040      /nix/store/gpxl5qgg8kicmcvivwmybwjlpf7wh20l-graalvm17-ce-22.3.0/lib/libjvmcicompiler.so
7fabc0000000-7fabc0021000 rw-p 00000000 00:00 0 
7fabc0021000-7fabc4000000 ---p 00000000 00:00 0 
7fabc4000000-7fabc4021000 rw-p 00000000 00:00 0 
7fabc4021000-7fabc8000000 ---p 00000000 00:00 0 
7fabc8000000-7fabc8091000 rw-p 00000000 00:00 0 
7fabc8091000-7fabcc000000 ---p 00000000 00:00 0 
7fabcc000000-7fabcc021000 rw-p 00000000 00:00 0 
7fabcc021000-7fabd0000000 ---p 00000000 00:00 0 
7fabd0000000-7fabd00de000 rw-p 00000000 00:00 0 
7fabd00de000-7fabd4000000 ---p 00000000 00:00 0 
7fabd4000000-7fabd4c0f000 rw-p 00000000 00:00 0 
7fabd4c0f000-7fabd8000000 ---p 00000000 00:00 0 
7fabd8000000-7fabd8021000 rw-p 00000000 00:00 0 
7fabd8021000-7fabdc000000 ---p 00000000 00:00 0 
7fabdc000000-7fabdc021000 rw-p 00000000 00:00 0 
7fabdc021000-7fabe0000000 ---p 00000000 00:00 0 
7fabe0000000-7fabe0021000 rw-p 00000000 00:00 0 
7fabe0021000-7fabe4000000 ---p 00000000 00:00 0 
7fabe4000000-7fabe4021000 rw-p 00000000 00:00 0 
7fabe4021000-7fabe8000000 ---p 00000000 00:00 0 
7fabe8000000-7fabe8021000 rw-p 00000000 00:00 0 
7fabe8021000-7fabec000000 ---p 00000000 00:00 0 
7fabec000000-7fabec021000 rw-p 00000000 00:00 0 
7fabec021000-7fabf0000000 ---p 00000000 00:00 0 
7fabf0000000-7fabf01d5000 rw-p 00000000 00:00 0 
7fabf01d5000-7fabf4004000 ---p 00000000 00:00 0 
7fabf4004000-7fabf4100000 rw-p 00000000 00:00 0 
7fabf4200000-7fabf4204000 ---p 00000000 00:00 0 
7fabf4204000-7fabf4300000 rw-p 00000000 00:00 0 
7fabf4400000-7fabf4404000 ---p 00000000 00:00 0 
7fabf4404000-7fabf4500000 rw-p 00000000 00:00 0 
7fabf4600000-7fabf4604000 ---p 00000000 00:00 0 
7fabf4604000-7fabf4700000 rw-p 00000000 00:00 0 
7fabf4800000-7fabf4804000 ---p 00000000 00:00 0 
7fabf4804000-7fabf4900000 rw-p 00000000 00:00 0 
7fabf4900000-7fabf4904000 ---p 00000000 00:00 0 
7fabf4904000-7fabf4a00000 rw-p 00000000 00:00 0 
7fabf4a00000-7fabf4a04000 ---p 00000000 00:00 0 
7fabf4a04000-7fabf4b00000 rw-p 00000000 00:00 0 
7fabf4c18000-7fabf4c19000 ---p 00000000 00:00 0 
7fabf4c19000-7fabf4d1a000 rw-p 00000000 00:00 0 
7fabf4d1a000-7fabf4d1e000 ---p 00000000 00:00 0 
7fabf4d1e000-7fabf4e1a000 rw-p 00000000 00:00 0 
7fabf4e1a000-7fabf4e1e000 ---p 00000000 00:00 0 
7fabf4e1e000-7fabf4f1a000 rw-p 00000000 00:00 0 
7fabf4f1a000-7fabf4f1e000 ---p 00000000 00:00 0 
7fabf4f1e000-7fabf501a000 rw-p 00000000 00:00 0 
7fabf501a000-7fabf501e000 ---p 00000000 00:00 0 
7fabf501e000-7fabf521a000 rw-p 00000000 00:00 0 
7fabf521a000-7fabf521e000 ---p 00000000 00:00 0 
7fabf521e000-7fabf541a000 rw-p 00000000 00:00 0 
7fabf541a000-7fabf541e000 ---p 00000000 00:00 0 
7fabf541e000-7fabf551a000 rw-p 00000000 00:00 0 
7fabf551a000-7fabf551e000 ---p 00000000 00:00 0 
7fabf551e000-7fabf561a000 rw-p 00000000 00:00 0 
7fabf561a000-7fabf561e000 ---p 00000000 00:00 0 
7fabf561e000-7fabf571a000 rw-p 00000000 00:00 0 
7fabf571a000-7fabf5a00000 r--p 00000000 00:b99 28444448                  /usr/lib/locale/locale-archive
7fabf5a00000-7fabf5a04000 ---p 00000000 00:00 0 
7fabf5a04000-7fabf5b00000 rw-p 00000000 00:00 0 
7fabf5b00000-7fabf5b04000 ---p 00000000 00:00 0 
7fabf5b04000-7fabf6000000 rw-p 00000000 00:00 0 
7fabf6000000-7fabf6300000 rw-p 00000000 00:00 0 
7fabf6300000-7fabf6400000 rw-p 00000000 00:00 0 
7fabf64b3000-7fabf74b3000 rw-p 00000000 00:00 0 
7fabf74b3000-7fabf7723000 rwxp 00000000 00:00 0 
7fabf7723000-7fabf7a42000 ---p 00000000 00:00 0 
7fabf7a42000-7fabf9112000 rwxp 00000000 00:00 0 
7fabf9112000-7fabfef7a000 ---p 00000000 00:00 0 
7fabfef7a000-7fabff23a000 rwxp 00000000 00:00 0 
7fabff23a000-7fac064b3000 ---p 00000000 00:00 0 
7fac064b3000-7fac10000000 r--s 00000000 00:1590 4611686019135192581      /nix/store/gpxl5qgg8kicmcvivwmybwjlpf7wh20l-graalvm17-ce-22.3.0/lib/modules
7fac10000000-7fac10602000 rw-p 00000000 00:00 0 
7fac10602000-7fac14000000 ---p 00000000 00:00 0 
7fac14020000-7fac14022000 r-xp 00000000 00:1590 4611686019135190017      /nix/store/gpxl5qgg8kicmcvivwmybwjlpf7wh20l-graalvm17-ce-22.3.0/lib/libextnet.so
7fac14022000-7fac14023000 r--p 00001000 00:1590 4611686019135190017      /nix/store/gpxl5qgg8kicmcvivwmybwjlpf7wh20l-graalvm17-ce-22.3.0/lib/libextnet.so
7fac14023000-7fac14024000 rw-p 00002000 00:1590 4611686019135190017      /nix/store/gpxl5qgg8kicmcvivwmybwjlpf7wh20l-graalvm17-ce-22.3.0/lib/libextnet.so
7fac14024000-7fac14025000 rw-p 00004000 00:1590 4611686019135190017      /nix/store/gpxl5qgg8kicmcvivwmybwjlpf7wh20l-graalvm17-ce-22.3.0/lib/libextnet.so
7fac14025000-7fac14029000 ---p 00000000 00:00 0 
7fac14029000-7fac14047000 rw-p 00000000 00:00 0 
7fac14047000-7fac1404e000 r-xp 00000000 00:1590 4611686019135192580      /nix/store/gpxl5qgg8kicmcvivwmybwjlpf7wh20l-graalvm17-ce-22.3.0/lib/libzip.so
7fac1404e000-7fac1404f000 ---p 00007000 00:1590 4611686019135192580      /nix/store/gpxl5qgg8kicmcvivwmybwjlpf7wh20l-graalvm17-ce-22.3.0/lib/libzip.so
7fac1404f000-7fac14050000 r--p 00007000 00:1590 4611686019135192580      /nix/store/gpxl5qgg8kicmcvivwmybwjlpf7wh20l-graalvm17-ce-22.3.0/lib/libzip.so
7fac14050000-7fac14051000 rw-p 00008000 00:1590 4611686019135192580      /nix/store/gpxl5qgg8kicmcvivwmybwjlpf7wh20l-graalvm17-ce-22.3.0/lib/libzip.so
7fac14051000-7fac14053000 rw-p 0000b000 00:1590 4611686019135192580      /nix/store/gpxl5qgg8kicmcvivwmybwjlpf7wh20l-graalvm17-ce-22.3.0/lib/libzip.so
7fac14053000-7fac14068000 r-xp 00000000 00:1590 4611686019135192570      /nix/store/gpxl5qgg8kicmcvivwmybwjlpf7wh20l-graalvm17-ce-22.3.0/lib/libnet.so
7fac14068000-7fac14069000 ---p 00015000 00:1590 4611686019135192570      /nix/store/gpxl5qgg8kicmcvivwmybwjlpf7wh20l-graalvm17-ce-22.3.0/lib/libnet.so
7fac14069000-7fac1406a000 r--p 00015000 00:1590 4611686019135192570      /nix/store/gpxl5qgg8kicmcvivwmybwjlpf7wh20l-graalvm17-ce-22.3.0/lib/libnet.so
7fac1406a000-7fac1406b000 rw-p 00016000 00:1590 4611686019135192570      /nix/store/gpxl5qgg8kicmcvivwmybwjlpf7wh20l-graalvm17-ce-22.3.0/lib/libnet.so
7fac1406b000-7fac1406e000 rw-p 0001b000 00:1590 4611686019135192570      /nix/store/gpxl5qgg8kicmcvivwmybwjlpf7wh20l-graalvm17-ce-22.3.0/lib/libnet.so
7fac1406e000-7fac14081000 r-xp 00000000 00:1590 4611686019135192571      /nix/store/gpxl5qgg8kicmcvivwmybwjlpf7wh20l-graalvm17-ce-22.3.0/lib/libnio.so
7fac14081000-7fac14082000 r--p 00012000 00:1590 4611686019135192571      /nix/store/gpxl5qgg8kicmcvivwmybwjlpf7wh20l-graalvm17-ce-22.3.0/lib/libnio.so
7fac14082000-7fac14083000 rw-p 00013000 00:1590 4611686019135192571      /nix/store/gpxl5qgg8kicmcvivwmybwjlpf7wh20l-graalvm17-ce-22.3.0/lib/libnio.so
7fac14083000-7fac14088000 rw-p 00019000 00:1590 4611686019135192571      /nix/store/gpxl5qgg8kicmcvivwmybwjlpf7wh20l-graalvm17-ce-22.3.0/lib/libnio.so
7fac14088000-7fac14089000 ---p 00000000 00:00 0 
7fac14089000-7fac1418a000 rw-p 00000000 00:00 0 
7fac1418a000-7fac14258000 r-xp 00000000 00:1590 4611686019135190036      /nix/store/gpxl5qgg8kicmcvivwmybwjlpf7wh20l-graalvm17-ce-22.3.0/lib/libjsvml.so
7fac14258000-7fac14259000 r--p 000cd000 00:1590 4611686019135190036      /nix/store/gpxl5qgg8kicmcvivwmybwjlpf7wh20l-graalvm17-ce-22.3.0/lib/libjsvml.so
7fac14259000-7fac1425a000 rw-p 000ce000 00:1590 4611686019135190036      /nix/store/gpxl5qgg8kicmcvivwmybwjlpf7wh20l-graalvm17-ce-22.3.0/lib/libjsvml.so
7fac1425a000-7fac14b32000 rw-p 00000000 00:00 0 
7fac14b32000-7fac14b33000 ---p 00000000 00:00 0 
7fac14b33000-7fac14cde000 rw-p 00000000 00:00 0 
7fac14cde000-7fac14d0a000 rw-p 00000000 00:00 0 
7fac14d0a000-7fac14d34000 ---p 00000000 00:00 0 
7fac14d34000-7fac14d3b000 rw-p 00000000 00:00 0 
7fac14d3b000-7fac14e20000 ---p 00000000 00:00 0 
7fac14e20000-7fac14e4e000 rw-p 00000000 00:00 0 
7fac14e4e000-7fac14f0b000 ---p 00000000 00:00 0 
7fac14f0b000-7fac14f10000 rw-p 00000000 00:00 0 
7fac14f10000-7fac14f17000 ---p 00000000 00:00 0 
7fac14f17000-7fac14f3b000 r-xp 00000000 00:1590 4611686019135190028      /nix/store/gpxl5qgg8kicmcvivwmybwjlpf7wh20l-graalvm17-ce-22.3.0/lib/libjava.so
7fac14f3b000-7fac14f3c000 ---p 00024000 00:1590 4611686019135190028      /nix/store/gpxl5qgg8kicmcvivwmybwjlpf7wh20l-graalvm17-ce-22.3.0/lib/libjava.so
7fac14f3c000-7fac14f3d000 r--p 00024000 00:1590 4611686019135190028      /nix/store/gpxl5qgg8kicmcvivwmybwjlpf7wh20l-graalvm17-ce-22.3.0/lib/libjava.so
7fac14f3d000-7fac14f3e000 rw-p 00025000 00:1590 4611686019135190028      /nix/store/gpxl5qgg8kicmcvivwmybwjlpf7wh20l-graalvm17-ce-22.3.0/lib/libjava.so
7fac14f3e000-7fac14f3f000 rw-p 00000000 00:00 0 
7fac14f3f000-7fac14f46000 rw-p 0002f000 00:1590 4611686019135190028      /nix/store/gpxl5qgg8kicmcvivwmybwjlpf7wh20l-graalvm17-ce-22.3.0/lib/libjava.so
7fac14f46000-7fac14f4e000 rw-s 00000000 00:295 350                       /tmp/hsperfdata_runner/21
7fac14f4e000-7fac14f4f000 ---p 00000000 00:00 0 
7fac14f4f000-7fac14f50000 r--p 00000000 00:00 0 
7fac14f50000-7fac14f51000 rwxp 00000000 00:00 0 
7fac14f51000-7fac14f6c000 r-xp 00000000 00:1590 4611686019135190032      /nix/store/gpxl5qgg8kicmcvivwmybwjlpf7wh20l-graalvm17-ce-22.3.0/lib/libjimage.so
7fac14f6c000-7fac14f6d000 ---p 0001b000 00:1590 4611686019135190032      /nix/store/gpxl5qgg8kicmcvivwmybwjlpf7wh20l-graalvm17-ce-22.3.0/lib/libjimage.so
7fac14f6d000-7fac14f6f000 r--p 0001b000 00:1590 4611686019135190032      /nix/store/gpxl5qgg8kicmcvivwmybwjlpf7wh20l-graalvm17-ce-22.3.0/lib/libjimage.so
7fac14f6f000-7fac14f70000 rw-p 0001d000 00:1590 4611686019135190032      /nix/store/gpxl5qgg8kicmcvivwmybwjlpf7wh20l-graalvm17-ce-22.3.0/lib/libjimage.so
7fac14f70000-7fac14f71000 rw-p 00024000 00:1590 4611686019135190032      /nix/store/gpxl5qgg8kicmcvivwmybwjlpf7wh20l-graalvm17-ce-22.3.0/lib/libjimage.so
7fac14f71000-7fac14f75000 ---p 00000000 00:00 0 
7fac14f75000-7fac15071000 rw-p 00000000 00:00 0 
7fac15071000-7fac1507f000 r--p 00000000 00:1590 4611686019027979927      /nix/store/4nlgxhb09sdr51nc9hdm8az5b08vzkgx-glibc-2.35-163/lib/libm.so.6
7fac1507f000-7fac150f2000 r-xp 0000e000 00:1590 4611686019027979927      /nix/store/4nlgxhb09sdr51nc9hdm8az5b08vzkgx-glibc-2.35-163/lib/libm.so.6
7fac150f2000-7fac1514f000 r--p 00081000 00:1590 4611686019027979927      /nix/store/4nlgxhb09sdr51nc9hdm8az5b08vzkgx-glibc-2.35-163/lib/libm.so.6
7fac1514f000-7fac15150000 r--p 000dd000 00:1590 4611686019027979927      /nix/store/4nlgxhb09sdr51nc9hdm8az5b08vzkgx-glibc-2.35-163/lib/libm.so.6
7fac15150000-7fac15151000 rw-p 000de000 00:1590 4611686019027979927      /nix/store/4nlgxhb09sdr51nc9hdm8az5b08vzkgx-glibc-2.35-163/lib/libm.so.6
7fac15151000-7fac15152000 r--p 00000000 00:1590 4611686019027979946      /nix/store/4nlgxhb09sdr51nc9hdm8az5b08vzkgx-glibc-2.35-163/lib/librt.so.1
7fac15152000-7fac15153000 r-xp 00001000 00:1590 4611686019027979946      /nix/store/4nlgxhb09sdr51nc9hdm8az5b08vzkgx-glibc-2.35-163/lib/librt.so.1
7fac15153000-7fac15154000 r--p 00002000 00:1590 4611686019027979946      /nix/store/4nlgxhb09sdr51nc9hdm8az5b08vzkgx-glibc-2.35-163/lib/librt.so.1
7fac15154000-7fac15155000 r--p 00002000 00:1590 4611686019027979946      /nix/store/4nlgxhb09sdr51nc9hdm8az5b08vzkgx-glibc-2.35-163/lib/librt.so.1
7fac15155000-7fac15156000 rw-p 00003000 00:1590 4611686019027979946      /nix/store/4nlgxhb09sdr51nc9hdm8az5b08vzkgx-glibc-2.35-163/lib/librt.so.1
7fac15156000-7fac16269000 r-xp 00000000 00:1590 4611686019135360866      /nix/store/gpxl5qgg8kicmcvivwmybwjlpf7wh20l-graalvm17-ce-22.3.0/lib/server/libjvm.so
7fac16269000-7fac1626a000 ---p 01113000 00:1590 4611686019135360866      /nix/store/gpxl5qgg8kicmcvivwmybwjlpf7wh20l-graalvm17-ce-22.3.0/lib/server/libjvm.so
7fac1626a000-7fac1631f000 r--p 01113000 00:1590 4611686019135360866      /nix/store/gpxl5qgg8kicmcvivwmybwjlpf7wh20l-graalvm17-ce-22.3.0/lib/server/libjvm.so
7fac1631f000-7fac16353000 rw-p 011c8000 00:1590 4611686019135360866      /nix/store/gpxl5qgg8kicmcvivwmybwjlpf7wh20l-graalvm17-ce-22.3.0/lib/server/libjvm.so
7fac16353000-7fac163af000 rw-p 00000000 00:00 0 
7fac163af000-7fac163d7000 r--p 00000000 00:1590 4611686019027979918      /nix/store/4nlgxhb09sdr51nc9hdm8az5b08vzkgx-glibc-2.35-163/lib/libc.so.6
7fac163d7000-7fac1654d000 r-xp 00028000 00:1590 4611686019027979918      /nix/store/4nlgxhb09sdr51nc9hdm8az5b08vzkgx-glibc-2.35-163/lib/libc.so.6
7fac1654d000-7fac165a5000 r--p 0019e000 00:1590 4611686019027979918      /nix/store/4nlgxhb09sdr51nc9hdm8az5b08vzkgx-glibc-2.35-163/lib/libc.so.6
7fac165a5000-7fac165a9000 r--p 001f6000 00:1590 4611686019027979918      /nix/store/4nlgxhb09sdr51nc9hdm8az5b08vzkgx-glibc-2.35-163/lib/libc.so.6
7fac165a9000-7fac165ab000 rw-p 001fa000 00:1590 4611686019027979918      /nix/store/4nlgxhb09sdr51nc9hdm8az5b08vzkgx-glibc-2.35-163/lib/libc.so.6
7fac165ab000-7fac165ba000 rw-p 00000000 00:00 0 
7fac165ba000-7fac165bb000 r--p 00000000 00:1590 4611686019027979923      /nix/store/4nlgxhb09sdr51nc9hdm8az5b08vzkgx-glibc-2.35-163/lib/libdl.so.2
7fac165bb000-7fac165bc000 r-xp 00001000 00:1590 4611686019027979923      /nix/store/4nlgxhb09sdr51nc9hdm8az5b08vzkgx-glibc-2.35-163/lib/libdl.so.2
7fac165bc000-7fac165bd000 r--p 00002000 00:1590 4611686019027979923      /nix/store/4nlgxhb09sdr51nc9hdm8az5b08vzkgx-glibc-2.35-163/lib/libdl.so.2
7fac165bd000-7fac165be000 r--p 00002000 00:1590 4611686019027979923      /nix/store/4nlgxhb09sdr51nc9hdm8az5b08vzkgx-glibc-2.35-163/lib/libdl.so.2
7fac165be000-7fac165bf000 rw-p 00003000 00:1590 4611686019027979923      /nix/store/4nlgxhb09sdr51nc9hdm8az5b08vzkgx-glibc-2.35-163/lib/libdl.so.2
7fac165bf000-7fac165c0000 r--p 00000000 00:1590 4611686019027979942      /nix/store/4nlgxhb09sdr51nc9hdm8az5b08vzkgx-glibc-2.35-163/lib/libpthread.so.0
7fac165c0000-7fac165c1000 r-xp 00001000 00:1590 4611686019027979942      /nix/store/4nlgxhb09sdr51nc9hdm8az5b08vzkgx-glibc-2.35-163/lib/libpthread.so.0
7fac165c1000-7fac165c2000 r--p 00002000 00:1590 4611686019027979942      /nix/store/4nlgxhb09sdr51nc9hdm8az5b08vzkgx-glibc-2.35-163/lib/libpthread.so.0
7fac165c2000-7fac165c3000 r--p 00002000 00:1590 4611686019027979942      /nix/store/4nlgxhb09sdr51nc9hdm8az5b08vzkgx-glibc-2.35-163/lib/libpthread.so.0
7fac165c3000-7fac165c4000 rw-p 00003000 00:1590 4611686019027979942      /nix/store/4nlgxhb09sdr51nc9hdm8az5b08vzkgx-glibc-2.35-163/lib/libpthread.so.0
7fac165c4000-7fac165d2000 r-xp 00000000 00:1590 4611686019135190033      /nix/store/gpxl5qgg8kicmcvivwmybwjlpf7wh20l-graalvm17-ce-22.3.0/lib/libjli.so
7fac165d2000-7fac165d3000 ---p 0000e000 00:1590 4611686019135190033      /nix/store/gpxl5qgg8kicmcvivwmybwjlpf7wh20l-graalvm17-ce-22.3.0/lib/libjli.so
7fac165d3000-7fac165d4000 r--p 0000e000 00:1590 4611686019135190033      /nix/store/gpxl5qgg8kicmcvivwmybwjlpf7wh20l-graalvm17-ce-22.3.0/lib/libjli.so
7fac165d4000-7fac165d5000 rw-p 0000f000 00:1590 4611686019135190033      /nix/store/gpxl5qgg8kicmcvivwmybwjlpf7wh20l-graalvm17-ce-22.3.0/lib/libjli.so
7fac165d5000-7fac165d6000 rw-p 00012000 00:1590 4611686019135190033      /nix/store/gpxl5qgg8kicmcvivwmybwjlpf7wh20l-graalvm17-ce-22.3.0/lib/libjli.so
7fac165d6000-7fac165d9000 r--p 00000000 00:1590 4611686019106210071      /nix/store/026hln0aq1hyshaxsdvhg0kmcm6yf45r-zlib-1.2.13/lib/libz.so.1.2.13
7fac165d9000-7fac165eb000 r-xp 00003000 00:1590 4611686019106210071      /nix/store/026hln0aq1hyshaxsdvhg0kmcm6yf45r-zlib-1.2.13/lib/libz.so.1.2.13
7fac165eb000-7fac165f2000 r--p 00015000 00:1590 4611686019106210071      /nix/store/026hln0aq1hyshaxsdvhg0kmcm6yf45r-zlib-1.2.13/lib/libz.so.1.2.13
7fac165f2000-7fac165f3000 r--p 0001b000 00:1590 4611686019106210071      /nix/store/026hln0aq1hyshaxsdvhg0kmcm6yf45r-zlib-1.2.13/lib/libz.so.1.2.13
7fac165f3000-7fac165f4000 rw-p 0001c000 00:1590 4611686019106210071      /nix/store/026hln0aq1hyshaxsdvhg0kmcm6yf45r-zlib-1.2.13/lib/libz.so.1.2.13
7fac165f4000-7fac165f6000 rw-p 00000000 00:00 0 
7fac165f6000-7fac165f8000 r--p 00000000 00:1590 4611686019027979912      /nix/store/4nlgxhb09sdr51nc9hdm8az5b08vzkgx-glibc-2.35-163/lib/ld-linux-x86-64.so.2
7fac165f8000-7fac1661f000 r-xp 00002000 00:1590 4611686019027979912      /nix/store/4nlgxhb09sdr51nc9hdm8az5b08vzkgx-glibc-2.35-163/lib/ld-linux-x86-64.so.2
7fac1661f000-7fac1662b000 r--p 00029000 00:1590 4611686019027979912      /nix/store/4nlgxhb09sdr51nc9hdm8az5b08vzkgx-glibc-2.35-163/lib/ld-linux-x86-64.so.2
7fac1662b000-7fac1662d000 r--p 00034000 00:1590 4611686019027979912      /nix/store/4nlgxhb09sdr51nc9hdm8az5b08vzkgx-glibc-2.35-163/lib/ld-linux-x86-64.so.2
7fac1662d000-7fac1662f000 rw-p 00036000 00:1590 4611686019027979912      /nix/store/4nlgxhb09sdr51nc9hdm8az5b08vzkgx-glibc-2.35-163/lib/ld-linux-x86-64.so.2
7fff708d8000-7fff708fc000 rw-p 00000000 00:00 0                          [stack]
7fff70924000-7fff70928000 r--p 00000000 00:00 0                          [vvar]
7fff70928000-7fff7092a000 r-xp 00000000 00:00 0                          [vdso]
ffffffffff600000-ffffffffff601000 --xp 00000000 00:00 0                  [vsyscall]


VM Arguments:
jvm_args: -XX:ThreadPriorityPolicy=1 -XX:+UnlockExperimentalVMOptions -XX:+EnableJVMCIProduct -XX:JVMCIThreadsPerNativeLibraryRuntime=1 -XX:-UnlockExperimentalVMOptions -Declipse.application=org.eclipse.jdt.ls.core.id1 -Dosgi.bundles.defaultStartLevel=4 -Declipse.product=org.eclipse.jdt.ls.core.product -Dlog.level=ALL -Xverify:none -XX:+UseParallelGC -XX:GCTimeRatio=4 -XX:AdaptiveSizePolicyWeight=90 -Dsun.zip.disableMemoryMapping=true -Xmx512m -Xms100m 
java_command: /nix/store/m6gcpi1ii6rghy04cjwjddcavv7i90df-jdt-language-server-1.9.0/share/java/plugins/org.eclipse.equinox.launcher_1.6.400.v20210924-0641.jar --add-modules=ALL-SYSTEM --add-opens java.base/java.util=ALL-UNNAMED --add-opens java.base/java.lang=ALL-UNNAMED -configuration /home/runner/.cache/jdt-language-server/config -data /home/runner/.cache/jdt-language-server/data/home/runner/Inheritance-TeddyParts
java_class_path (initial): /nix/store/m6gcpi1ii6rghy04cjwjddcavv7i90df-jdt-language-server-1.9.0/share/java/plugins/org.eclipse.equinox.launcher_1.6.400.v20210924-0641.jar
Launcher Type: SUN_STANDARD

[Global flags]
    uintx AdaptiveSizePolicyWeight                 = 90                                        {product} {command line}
     intx CICompilerCount                          = 2                                         {product} {ergonomic}
     bool EnableJVMCIProduct                       = true                                {JVMCI product} {jimage}
    uintx GCTimeRatio                              = 4                                         {product} {command line}
   size_t InitialHeapSize                          = 104857600                                 {product} {command line}
     uint JVMCIThreadsPerNativeLibraryRuntime      = 1                                   {JVMCI product} {jimage}
   size_t MaxHeapSize                              = 536870912                                 {product} {command line}
   size_t MaxNewSize                               = 178782208                                 {product} {ergonomic}
   size_t MinHeapDeltaBytes                        = 524288                                    {product} {ergonomic}
   size_t MinHeapSize                              = 104857600                                 {product} {command line}
   size_t NewSize                                  = 34603008                                  {product} {ergonomic}
    uintx NonNMethodCodeHeapSize                   = 5826188                                {pd product} {ergonomic}
    uintx NonProfiledCodeHeapSize                  = 122916026                              {pd product} {ergonomic}
   size_t OldSize                                  = 70254592                                  {product} {ergonomic}
    uintx ProfiledCodeHeapSize                     = 122916026                              {pd product} {ergonomic}
    uintx ReservedCodeCacheSize                    = 251658240                              {pd product} {ergonomic}
     bool SegmentedCodeCache                       = true                                      {product} {ergonomic}
   size_t SoftMaxHeapSize                          = 536870912                              {manageable} {ergonomic}
     intx ThreadPriorityPolicy                     = 1                                         {product} {jimage}
     bool UseCompressedClassPointers               = true                           {product lp64_product} {ergonomic}
     bool UseCompressedOops                        = true                           {product lp64_product} {ergonomic}
     bool UseParallelGC                            = true                                      {product} {command line}

Logging:
Log output configuration:
 #0: stdout all=warning uptime,level,tags
 #1: stderr all=off uptime,level,tags

Environment Variables:
JAVA_HOME=/nix/store/gpxl5qgg8kicmcvivwmybwjlpf7wh20l-graalvm17-ce-22.3.0
PATH=/nix/store/1d6ian3r8kdzspw8hacjhl3xkp40g1lj-binutils-wrapper-2.39/bin:/nix/store/dq0xwmsk1g0i2ayg6pb7y87na2knzylh-gcc-wrapper-11.3.0/bin:/nix/store/bap4d0lpcrhpwmpb8ayjcgkmvfj62lnq-bash-interactive-5.1-p16/bin:/nix/store/pr5n59mb4jzmfx6kanwxly0l07p861fg-patchelf-0.15.0/bin:/nix/store/1gf2flfqnpqbr1b4p4qz2f72y42bs56r-gcc-11.3.0/bin:/nix/store/57xv61c5zi8pphjbcwxxjlgc34p61ic9-glibc-2.35-163-bin/bin:/nix/store/a7gvj343m05j2s32xcnwr35v31ynlypr-coreutils-9.1/bin:/nix/store/039g378vc3pc3dvi9dzdlrd0i4q93qwf-binutils-2.39/bin:/nix/store/gpxl5qgg8kicmcvivwmybwjlpf7wh20l-graalvm17-ce-22.3.0/bin:/nix/store/6z9ag3ihc8mq2hzsw48lhbznvzny65nz-apache-maven-3.8.6/bin:/nix/store/m6gcpi1ii6rghy04cjwjddcavv7i90df-jdt-language-server-1.9.0/bin:/nix/store/84xs5alhs01zrbr4ywm05kxbjbp5590l-java-debug/bin:/nix/store/mydc6f4k2z73xlcz7ilif3v2lcaiqvza-findutils-4.9.0/bin:/nix/store/j9p3g8472iijd50vhdprx0nmk2fqn5gv-diffutils-3.8/bin:/nix/store/89zs7rms6x00xfq4dq6m7mjnhkr8a6r4-gnused-4.8/bin:/nix/store/86bp03jkmsl6f92w0yzg4s59g5mhxwmy-gnugrep-3.7/bin:/nix/store/hwcdqw4jrjnd37wxqgsd47hd0j8bnj09-gawk-5.1.1/bin:/nix/store/cfbhw8r8ags41vwqaz47r583d0p4h4a1-gnutar-1.34/bin:/nix/store/p3m1ndl1lapwrlh698bnb5lvvxh67378-gzip-1.12/bin:/nix/store/a8mhcagrsly7c7mpjrpsnaahk4aax056-bzip2-1.0.8-bin/bin:/nix/store/mblgz65m3zv9x548a3d5m96fj2pbwr09-gnumake-4.3/bin:/nix/store/dsd5gz46hdbdk2rfdimqddhq6m8m8fqs-bash-5.1-p16/bin:/nix/store/v7ljksji50mg3w61dykaa3n3y79n6nil-patch-2.7.6/bin:/nix/store/zlcnmqq14jz5x9439jf937mvayyl63da-xz-5.2.7-bin/bin:/nix/store/y6aj732zm9m87c82fpvf103a1xb22blp-file-5.43/bin:/nix/store/sgqd0ajghcv2axfl1lad0b1alyavp0dc-prybar-elisp-0.0.0-67f7a00/bin:/nix/store/p3hsvljpgs68jqwar41lc0jqhjj734lf-prybar-lua-0.0.0-67f7a00/bin:/nix/store/qzxs2gybds3s9kb1vkaflpgm2nwr85fh-prybar-python3-0.0.0-67f7a00/bin:/nix/store/km94z9mxp8w4m8gxxp5mbfpdf3nkfvd8-prybar-sqlite-0.0.0-67f7a00/bin:/nix/store/2pnc7b76asw0z59c4l6h6qy8arwqrii1-prybar-tcl-0.0.0-67f7a00/bin:/nix/store/hpbvrlwd5viqmvcaisb3x0118i913a9n-st
LD_LIBRARY_PATH=/nix/store/a4pff549sk2idnkpzk5nsfps3mdkdnvm-cups-2.4.2-lib/lib:/nix/store/72mqxxhh3cy5yifh92wh2yb8cl2hikyy-cairo-1.16.0/lib:/nix/store/2k366jrbsra97gjfxwvrhvixjfxdach5-glib-2.74.1/lib:/nix/store/2j2znigd8ak37rlwh9khz0ry3clqlw1l-gtk+3-3.24.34/lib:/nix/store/hisqvx32cd57apbpcsnkpx6k3549wql1-libglvnd-1.4.0/lib:/nix/store/p36pgcv991mq5srvg765b78yqpxvk3qs-mesa-21.3.3-drivers/lib:/nix/store/mav4251if1ahjq5vkpwycyyvnmy459c4-pulseaudio-14.2/lib
DISPLAY=:0
LANG=en_US.UTF-8

Signal Handlers:
   SIGSEGV: crash_handler in libjvm.so, mask=11100100010111111101111111111110, flags=SA_RESTART|SA_SIGINFO
    SIGBUS: crash_handler in libjvm.so, mask=11100100010111111101111111111110, flags=SA_RESTART|SA_SIGINFO
    SIGFPE: crash_handler in libjvm.so, mask=11100100010111111101111111111110, flags=SA_RESTART|SA_SIGINFO
   SIGPIPE: IsolateEnterStub_IgnoreSIGPIPEStartupHook_noopSignalHandler_8f19bff2f35b5f630d83b364d6b2339320d4ec70_216e8361c6bc87a8f89f58cc10d3b2fd4415bf87 in libjvmcicompiler.so, mask=00000000000000000000000000000000, flags=SA_RESTART
  *** Handler was modified!
  *** Expected: javaSignalHandler in libjvm.so, mask=11100100110111111111111111111110, flags=SA_RESTART|SA_SIGINFO
   SIGXFSZ: javaSignalHandler in libjvm.so, mask=11100100010111111101111111111110, flags=SA_RESTART|SA_SIGINFO
    SIGILL: crash_handler in libjvm.so, mask=11100100010111111101111111111110, flags=SA_RESTART|SA_SIGINFO
   SIGUSR2: SR_handler in libjvm.so, mask=00000000000000000000000000000000, flags=SA_RESTART|SA_SIGINFO
    SIGHUP: UserHandler in libjvm.so, mask=11100100010111111101111111111110, flags=SA_RESTART|SA_SIGINFO
    SIGINT: UserHandler in libjvm.so, mask=11100100010111111101111111111110, flags=SA_RESTART|SA_SIGINFO
   SIGTERM: UserHandler in libjvm.so, mask=11100100010111111101111111111110, flags=SA_RESTART|SA_SIGINFO
   SIGQUIT: UserHandler in libjvm.so, mask=11100100010111111101111111111110, flags=SA_RESTART|SA_SIGINFO
  *** Handler was modified!
  *** Expected: javaSignalHandler in libjvm.so, mask=11100100110111111111111111111110, flags=SA_RESTART|SA_SIGINFO
   SIGTRAP: crash_handler in libjvm.so, mask=11100100010111111101111111111110, flags=SA_RESTART|SA_SIGINFO


---------------  S Y S T E M  ---------------

OS:
DISTRIB_ID=Ubuntu
DISTRIB_RELEASE=20.04
DISTRIB_CODENAME=focal
DISTRIB_DESCRIPTION="Ubuntu 20.04.2 LTS"
uname: Linux 5.15.0-1030-gcp #37~20.04.1-Ubuntu SMP Mon Feb 20 04:30:57 UTC 2023 x86_64
OS uptime: 0 days 8:31 hours
libc: glibc 2.35 NPTL 2.35 
rlimit (soft/hard): STACK 8192k/infinity , CORE infinity/infinity , NPROC infinity/infinity , NOFILE 5242/5242 , AS infinity/infinity , CPU infinity/infinity , DATA infinity/infinity , FSIZE infinity/infinity , MEMLOCK 64k/64k
load average: 11.48 12.68 13.39

/proc/meminfo:
MemTotal:       65852728 kB
MemFree:        26569216 kB
MemAvailable:   45014620 kB
Buffers:         2303024 kB
Cached:         15098152 kB
SwapCached:            0 kB
Active:          8868904 kB
Inactive:       25856180 kB
Active(anon):      14008 kB
Inactive(anon): 17103912 kB
Active(file):    8854896 kB
Inactive(file):  8752268 kB
Unevictable:       43096 kB
Mlocked:           43096 kB
SwapTotal:             0 kB
SwapFree:              0 kB
Dirty:              9104 kB
Writeback:           324 kB
AnonPages:      15644816 kB
Mapped:          1910232 kB
Shmem:             54244 kB
KReclaimable:    1564840 kB
Slab:            3531676 kB
SReclaimable:    1564840 kB
SUnreclaim:      1966836 kB
KernelStack:      394764 kB
PageTables:       180924 kB
NFS_Unstable:          0 kB
Bounce:                0 kB
WritebackTmp:          0 kB
CommitLimit:    32926364 kB
Committed_AS:   59337272 kB
VmallocTotal:   34359738367 kB
VmallocUsed:      441240 kB
VmallocChunk:          0 kB
Percpu:            72128 kB
HardwareCorrupted:     0 kB
AnonHugePages:   1349632 kB
ShmemHugePages:        0 kB
ShmemPmdMapped:        0 kB
FileHugePages:         0 kB
FilePmdMapped:         0 kB
HugePages_Total:       0
HugePages_Free:        0
HugePages_Rsvd:        0
HugePages_Surp:        0
Hugepagesize:       2048 kB
Hugetlb:               0 kB
DirectMap4k:     5157696 kB
DirectMap2M:    39927808 kB
DirectMap1G:    24117248 kB

/sys/kernel/mm/transparent_hugepage/enabled: always [madvise] never
/sys/kernel/mm/transparent_hugepage/defrag (defrag/compaction efforts parameter): always defer defer+madvise [madvise] never

Process Memory:
Virtual Size: 5460056K (peak: 5541692K)
Resident Set Size: 757680K (peak: 794596K) (anon: 560488K, file: 197192K, shmem: 0K)
Swapped out: 0K
C-Heap outstanding allocations: 42625K, retained: 11826K
glibc malloc tunables: (default)

/proc/sys/kernel/threads-max (system-wide limit on the number of threads): 514406
/proc/sys/vm/max_map_count (maximum number of memory map areas a process may have): 65530
/proc/sys/kernel/pid_max (system-wide limit on number of process identifiers): 4194304

container (cgroup) information:
container_type: cgroupv1
cpu_cpuset_cpus: 2-7
cpu_memory_nodes: 0
active_processor_count: 1
cpu_quota: 50000
cpu_period: 100000
cpu_shares: 512
memory_limit_in_bytes: 1048576 k
memory_and_swap_limit_in_bytes: 1048576 k
memory_soft_limit_in_bytes: 524288 k
memory_usage_in_bytes: 608156 k
memory_max_usage_in_bytes: 636780 k
maximum number of tasks: 1000
current number of tasks: 55

KVM virtualization detected
Steal ticks since vm start: 0
Steal ticks percentage since vm start:  0.000

CPU: total 8 (initial active 1) (8 cores per cpu, 2 threads per core) family 23 model 49 stepping 0 microcode 0xffffffff, cx8, cmov, fxsr, ht, mmx, 3dnowpref, sse, sse2, sse3, ssse3, sse4a, sse4.1, sse4.2, popcnt, lzcnt, tsc, tscinvbit, avx, avx2, aes, clmul, bmi1, bmi2, adx, sha, fma, vzeroupper, clflush, clflushopt, hv
CPU Model and flags from /proc/cpuinfo:
model name	: AMD EPYC 7B12
flags		: fpu vme de pse tsc msr pae mce cx8 apic sep mtrr pge mca cmov pat pse36 clflush mmx fxsr sse sse2 ht syscall nx mmxext fxsr_opt pdpe1gb rdtscp lm constant_tsc rep_good nopl nonstop_tsc cpuid extd_apicid tsc_known_freq pni pclmulqdq ssse3 fma cx16 sse4_1 sse4_2 movbe popcnt aes xsave avx f16c rdrand hypervisor lahf_lm cmp_legacy cr8_legacy abm sse4a misalignsse 3dnowprefetch osvw topoext ssbd ibrs ibpb stibp vmmcall fsgsbase tsc_adjust bmi1 avx2 smep bmi2 rdseed adx smap clflushopt clwb sha_ni xsaveopt xsavec xgetbv1 clzero xsaveerptr arat npt nrip_save umip rdpid

Online cpus: 0-7
Offline cpus: 
BIOS frequency limitation: <Not Available>
Frequency switch latency (ns): <Not Available>
Available cpu frequencies: <Not Available>
Current governor: <Not Available>
Core performance/turbo boost: <Not Available>

Memory: 4k page, physical 1048576k(440416k free), swap 0k(0k free)
Page Sizes: 4k

vm_info: OpenJDK 64-Bit Server VM (17.0.5+8-jvmci-22.3-b08) for linux-amd64 JRE (17.0.5+8-jvmci-22.3-b08), built on Oct 19 2022 09:01:27 by "buildslave" with gcc 10.3.0

END.
